[2016-09-23 11:10:36] local.ERROR: ErrorException: Undefined variable: asd in /home/nerimell/Desktop/Nerimell/web/couriers/app/Http/Controllers/CalculateController.php:17
Stack trace:
#0 /home/nerimell/Desktop/Nerimell/web/couriers/app/Http/Controllers/CalculateController.php(17): Illuminate\Foundation\Bootstrap\HandleExceptions->handleError(8, 'Undefined varia...', '/home/nerimell/...', 17, Array)
#1 [internal function]: App\Http\Controllers\CalculateController->calculatorPage()
#2 /home/nerimell/Desktop/Nerimell/web/couriers/vendor/laravel/framework/src/Illuminate/Routing/Controller.php(80): call_user_func_array(Array, Array)
#3 /home/nerimell/Desktop/Nerimell/web/couriers/vendor/laravel/framework/src/Illuminate/Routing/ControllerDispatcher.php(146): Illuminate\Routing\Controller->callAction('calculatorPage', Array)
#4 /home/nerimell/Desktop/Nerimell/web/couriers/vendor/laravel/framework/src/Illuminate/Routing/ControllerDispatcher.php(94): Illuminate\Routing\ControllerDispatcher->call(Object(App\Http\Controllers\CalculateController), Object(Illuminate\Routing\Route), 'calculatorPage')
#5 [internal function]: Illuminate\Routing\ControllerDispatcher->Illuminate\Routing\{closure}(Object(Illuminate\Http\Request))
#6 /home/nerimell/Desktop/Nerimell/web/couriers/vendor/laravel/framework/src/Illuminate/Routing/Pipeline.php(52): call_user_func(Object(Closure), Object(Illuminate\Http\Request))
#7 [internal function]: Illuminate\Routing\Pipeline->Illuminate\Routing\{closure}(Object(Illuminate\Http\Request))
#8 /home/nerimell/Desktop/Nerimell/web/couriers/vendor/laravel/framework/src/Illuminate/Pipeline/Pipeline.php(102): call_user_func(Object(Closure), Object(Illuminate\Http\Request))
#9 /home/nerimell/Desktop/Nerimell/web/couriers/vendor/laravel/framework/src/Illuminate/Routing/ControllerDispatcher.php(96): Illuminate\Pipeline\Pipeline->then(Object(Closure))
#10 /home/nerimell/Desktop/Nerimell/web/couriers/vendor/laravel/framework/src/Illuminate/Routing/ControllerDispatcher.php(54): Illuminate\Routing\ControllerDispatcher->callWithinStack(Object(App\Http\Controllers\CalculateController), Object(Illuminate\Routing\Route), Object(Illuminate\Http\Request), 'calculatorPage')
#11 /home/nerimell/Desktop/Nerimell/web/couriers/vendor/laravel/framework/src/Illuminate/Routing/Route.php(174): Illuminate\Routing\ControllerDispatcher->dispatch(Object(Illuminate\Routing\Route), Object(Illuminate\Http\Request), 'App\\Http\\Contro...', 'calculatorPage')
#12 /home/nerimell/Desktop/Nerimell/web/couriers/vendor/laravel/framework/src/Illuminate/Routing/Route.php(140): Illuminate\Routing\Route->runController(Object(Illuminate\Http\Request))
#13 /home/nerimell/Desktop/Nerimell/web/couriers/vendor/laravel/framework/src/Illuminate/Routing/Router.php(724): Illuminate\Routing\Route->run(Object(Illuminate\Http\Request))
#14 [internal function]: Illuminate\Routing\Router->Illuminate\Routing\{closure}(Object(Illuminate\Http\Request))
#15 /home/nerimell/Desktop/Nerimell/web/couriers/vendor/laravel/framework/src/Illuminate/Routing/Pipeline.php(52): call_user_func(Object(Closure), Object(Illuminate\Http\Request))
#16 [internal function]: Illuminate\Routing\Pipeline->Illuminate\Routing\{closure}(Object(Illuminate\Http\Request))
#17 /home/nerimell/Desktop/Nerimell/web/couriers/vendor/laravel/framework/src/Illuminate/Pipeline/Pipeline.php(102): call_user_func(Object(Closure), Object(Illuminate\Http\Request))
#18 /home/nerimell/Desktop/Nerimell/web/couriers/vendor/laravel/framework/src/Illuminate/Routing/Router.php(726): Illuminate\Pipeline\Pipeline->then(Object(Closure))
#19 /home/nerimell/Desktop/Nerimell/web/couriers/vendor/laravel/framework/src/Illuminate/Routing/Router.php(699): Illuminate\Routing\Router->runRouteWithinStack(Object(Illuminate\Routing\Route), Object(Illuminate\Http\Request))
#20 /home/nerimell/Desktop/Nerimell/web/couriers/vendor/laravel/framework/src/Illuminate/Routing/Router.php(675): Illuminate\Routing\Router->dispatchToRoute(Object(Illuminate\Http\Request))
#21 /home/nerimell/Desktop/Nerimell/web/couriers/vendor/laravel/framework/src/Illuminate/Foundation/Http/Kernel.php(246): Illuminate\Routing\Router->dispatch(Object(Illuminate\Http\Request))
#22 [internal function]: Illuminate\Foundation\Http\Kernel->Illuminate\Foundation\Http\{closure}(Object(Illuminate\Http\Request))
#23 /home/nerimell/Desktop/Nerimell/web/couriers/vendor/laravel/framework/src/Illuminate/Routing/Pipeline.php(52): call_user_func(Object(Closure), Object(Illuminate\Http\Request))
#24 /home/nerimell/Desktop/Nerimell/web/couriers/app/Http/Middleware/siteData.php(20): Illuminate\Routing\Pipeline->Illuminate\Routing\{closure}(Object(Illuminate\Http\Request))
#25 [internal function]: App\Http\Middleware\siteData->handle(Object(Illuminate\Http\Request), Object(Closure))
#26 /home/nerimell/Desktop/Nerimell/web/couriers/vendor/laravel/framework/src/Illuminate/Pipeline/Pipeline.php(136): call_user_func_array(Array, Array)
#27 [internal function]: Illuminate\Pipeline\Pipeline->Illuminate\Pipeline\{closure}(Object(Illuminate\Http\Request))
#28 /home/nerimell/Desktop/Nerimell/web/couriers/vendor/laravel/framework/src/Illuminate/Routing/Pipeline.php(32): call_user_func(Object(Closure), Object(Illuminate\Http\Request))
#29 /home/nerimell/Desktop/Nerimell/web/couriers/vendor/laravel/framework/src/Illuminate/View/Middleware/ShareErrorsFromSession.php(49): Illuminate\Routing\Pipeline->Illuminate\Routing\{closure}(Object(Illuminate\Http\Request))
#30 [internal function]: Illuminate\View\Middleware\ShareErrorsFromSession->handle(Object(Illuminate\Http\Request), Object(Closure))
#31 /home/nerimell/Desktop/Nerimell/web/couriers/vendor/laravel/framework/src/Illuminate/Pipeline/Pipeline.php(136): call_user_func_array(Array, Array)
#32 [internal function]: Illuminate\Pipeline\Pipeline->Illuminate\Pipeline\{closure}(Object(Illuminate\Http\Request))
#33 /home/nerimell/Desktop/Nerimell/web/couriers/vendor/laravel/framework/src/Illuminate/Routing/Pipeline.php(32): call_user_func(Object(Closure), Object(Illuminate\Http\Request))
#34 /home/nerimell/Desktop/Nerimell/web/couriers/vendor/laravel/framework/src/Illuminate/Session/Middleware/StartSession.php(64): Illuminate\Routing\Pipeline->Illuminate\Routing\{closure}(Object(Illuminate\Http\Request))
#35 [internal function]: Illuminate\Session\Middleware\StartSession->handle(Object(Illuminate\Http\Request), Object(Closure))
#36 /home/nerimell/Desktop/Nerimell/web/couriers/vendor/laravel/framework/src/Illuminate/Pipeline/Pipeline.php(136): call_user_func_array(Array, Array)
#37 [internal function]: Illuminate\Pipeline\Pipeline->Illuminate\Pipeline\{closure}(Object(Illuminate\Http\Request))
#38 /home/nerimell/Desktop/Nerimell/web/couriers/vendor/laravel/framework/src/Illuminate/Routing/Pipeline.php(32): call_user_func(Object(Closure), Object(Illuminate\Http\Request))
#39 /home/nerimell/Desktop/Nerimell/web/couriers/vendor/laravel/framework/src/Illuminate/Cookie/Middleware/AddQueuedCookiesToResponse.php(37): Illuminate\Routing\Pipeline->Illuminate\Routing\{closure}(Object(Illuminate\Http\Request))
#40 [internal function]: Illuminate\Cookie\Middleware\AddQueuedCookiesToResponse->handle(Object(Illuminate\Http\Request), Object(Closure))
#41 /home/nerimell/Desktop/Nerimell/web/couriers/vendor/laravel/framework/src/Illuminate/Pipeline/Pipeline.php(136): call_user_func_array(Array, Array)
#42 [internal function]: Illuminate\Pipeline\Pipeline->Illuminate\Pipeline\{closure}(Object(Illuminate\Http\Request))
#43 /home/nerimell/Desktop/Nerimell/web/couriers/vendor/laravel/framework/src/Illuminate/Routing/Pipeline.php(32): call_user_func(Object(Closure), Object(Illuminate\Http\Request))
#44 /home/nerimell/Desktop/Nerimell/web/couriers/vendor/laravel/framework/src/Illuminate/Cookie/Middleware/EncryptCookies.php(59): Illuminate\Routing\Pipeline->Illuminate\Routing\{closure}(Object(Illuminate\Http\Request))
#45 [internal function]: Illuminate\Cookie\Middleware\EncryptCookies->handle(Object(Illuminate\Http\Request), Object(Closure))
#46 /home/nerimell/Desktop/Nerimell/web/couriers/vendor/laravel/framework/src/Illuminate/Pipeline/Pipeline.php(136): call_user_func_array(Array, Array)
#47 [internal function]: Illuminate\Pipeline\Pipeline->Illuminate\Pipeline\{closure}(Object(Illuminate\Http\Request))
#48 /home/nerimell/Desktop/Nerimell/web/couriers/vendor/laravel/framework/src/Illuminate/Routing/Pipeline.php(32): call_user_func(Object(Closure), Object(Illuminate\Http\Request))
#49 /home/nerimell/Desktop/Nerimell/web/couriers/vendor/laravel/framework/src/Illuminate/Foundation/Http/Middleware/CheckForMaintenanceMode.php(44): Illuminate\Routing\Pipeline->Illuminate\Routing\{closure}(Object(Illuminate\Http\Request))
#50 [internal function]: Illuminate\Foundation\Http\Middleware\CheckForMaintenanceMode->handle(Object(Illuminate\Http\Request), Object(Closure))
#51 /home/nerimell/Desktop/Nerimell/web/couriers/vendor/laravel/framework/src/Illuminate/Pipeline/Pipeline.php(136): call_user_func_array(Array, Array)
#52 [internal function]: Illuminate\Pipeline\Pipeline->Illuminate\Pipeline\{closure}(Object(Illuminate\Http\Request))
#53 /home/nerimell/Desktop/Nerimell/web/couriers/vendor/laravel/framework/src/Illuminate/Routing/Pipeline.php(32): call_user_func(Object(Closure), Object(Illuminate\Http\Request))
#54 [internal function]: Illuminate\Routing\Pipeline->Illuminate\Routing\{closure}(Object(Illuminate\Http\Request))
#55 /home/nerimell/Desktop/Nerimell/web/couriers/vendor/laravel/framework/src/Illuminate/Pipeline/Pipeline.php(102): call_user_func(Object(Closure), Object(Illuminate\Http\Request))
#56 /home/nerimell/Desktop/Nerimell/web/couriers/vendor/laravel/framework/src/Illuminate/Foundation/Http/Kernel.php(132): Illuminate\Pipeline\Pipeline->then(Object(Closure))
#57 /home/nerimell/Desktop/Nerimell/web/couriers/vendor/laravel/framework/src/Illuminate/Foundation/Http/Kernel.php(99): Illuminate\Foundation\Http\Kernel->sendRequestThroughRouter(Object(Illuminate\Http\Request))
#58 /home/nerimell/Desktop/Nerimell/web/couriers/index.php(54): Illuminate\Foundation\Http\Kernel->handle(Object(Illuminate\Http\Request))
#59 {main}  
[2016-09-26 09:30:21] local.ERROR: ErrorException: Undefined index: user_group in /home/nerimell/Desktop/Nerimell/web/couriers/app/CustomAuthModel.php:51
Stack trace:
#0 /home/nerimell/Desktop/Nerimell/web/couriers/app/CustomAuthModel.php(51): Illuminate\Foundation\Bootstrap\HandleExceptions->handleError(8, 'Undefined index...', '/home/nerimell/...', 51, Array)
#1 /home/nerimell/Desktop/Nerimell/web/couriers/app/CustomAuthModel.php(78): App\CustomAuthModel::validateRegistration(Array)
#2 /home/nerimell/Desktop/Nerimell/web/couriers/app/Http/Controllers/AppControllers/AppAuthController.php(83): App\CustomAuthModel::sendRegistration(Object(Illuminate\Http\Request), 'courier')
#3 [internal function]: App\Http\Controllers\AppControllers\AppAuthController->appRegistration(Object(Illuminate\Http\Request))
#4 /home/nerimell/Desktop/Nerimell/web/couriers/vendor/laravel/framework/src/Illuminate/Routing/Controller.php(80): call_user_func_array(Array, Array)
#5 /home/nerimell/Desktop/Nerimell/web/couriers/vendor/laravel/framework/src/Illuminate/Routing/ControllerDispatcher.php(146): Illuminate\Routing\Controller->callAction('appRegistration', Array)
#6 /home/nerimell/Desktop/Nerimell/web/couriers/vendor/laravel/framework/src/Illuminate/Routing/ControllerDispatcher.php(94): Illuminate\Routing\ControllerDispatcher->call(Object(App\Http\Controllers\AppControllers\AppAuthController), Object(Illuminate\Routing\Route), 'appRegistration')
#7 [internal function]: Illuminate\Routing\ControllerDispatcher->Illuminate\Routing\{closure}(Object(Illuminate\Http\Request))
#8 /home/nerimell/Desktop/Nerimell/web/couriers/vendor/laravel/framework/src/Illuminate/Routing/Pipeline.php(52): call_user_func(Object(Closure), Object(Illuminate\Http\Request))
#9 [internal function]: Illuminate\Routing\Pipeline->Illuminate\Routing\{closure}(Object(Illuminate\Http\Request))
#10 /home/nerimell/Desktop/Nerimell/web/couriers/vendor/laravel/framework/src/Illuminate/Pipeline/Pipeline.php(102): call_user_func(Object(Closure), Object(Illuminate\Http\Request))
#11 /home/nerimell/Desktop/Nerimell/web/couriers/vendor/laravel/framework/src/Illuminate/Routing/ControllerDispatcher.php(96): Illuminate\Pipeline\Pipeline->then(Object(Closure))
#12 /home/nerimell/Desktop/Nerimell/web/couriers/vendor/laravel/framework/src/Illuminate/Routing/ControllerDispatcher.php(54): Illuminate\Routing\ControllerDispatcher->callWithinStack(Object(App\Http\Controllers\AppControllers\AppAuthController), Object(Illuminate\Routing\Route), Object(Illuminate\Http\Request), 'appRegistration')
#13 /home/nerimell/Desktop/Nerimell/web/couriers/vendor/laravel/framework/src/Illuminate/Routing/Route.php(174): Illuminate\Routing\ControllerDispatcher->dispatch(Object(Illuminate\Routing\Route), Object(Illuminate\Http\Request), 'App\\Http\\Contro...', 'appRegistration')
#14 /home/nerimell/Desktop/Nerimell/web/couriers/vendor/laravel/framework/src/Illuminate/Routing/Route.php(140): Illuminate\Routing\Route->runController(Object(Illuminate\Http\Request))
#15 /home/nerimell/Desktop/Nerimell/web/couriers/vendor/laravel/framework/src/Illuminate/Routing/Router.php(724): Illuminate\Routing\Route->run(Object(Illuminate\Http\Request))
#16 [internal function]: Illuminate\Routing\Router->Illuminate\Routing\{closure}(Object(Illuminate\Http\Request))
#17 /home/nerimell/Desktop/Nerimell/web/couriers/vendor/laravel/framework/src/Illuminate/Routing/Pipeline.php(52): call_user_func(Object(Closure), Object(Illuminate\Http\Request))
#18 [internal function]: Illuminate\Routing\Pipeline->Illuminate\Routing\{closure}(Object(Illuminate\Http\Request))
#19 /home/nerimell/Desktop/Nerimell/web/couriers/vendor/laravel/framework/src/Illuminate/Pipeline/Pipeline.php(102): call_user_func(Object(Closure), Object(Illuminate\Http\Request))
#20 /home/nerimell/Desktop/Nerimell/web/couriers/vendor/laravel/framework/src/Illuminate/Routing/Router.php(726): Illuminate\Pipeline\Pipeline->then(Object(Closure))
#21 /home/nerimell/Desktop/Nerimell/web/couriers/vendor/laravel/framework/src/Illuminate/Routing/Router.php(699): Illuminate\Routing\Router->runRouteWithinStack(Object(Illuminate\Routing\Route), Object(Illuminate\Http\Request))
#22 /home/nerimell/Desktop/Nerimell/web/couriers/vendor/laravel/framework/src/Illuminate/Routing/Router.php(675): Illuminate\Routing\Router->dispatchToRoute(Object(Illuminate\Http\Request))
#23 /home/nerimell/Desktop/Nerimell/web/couriers/vendor/laravel/framework/src/Illuminate/Foundation/Http/Kernel.php(246): Illuminate\Routing\Router->dispatch(Object(Illuminate\Http\Request))
#24 [internal function]: Illuminate\Foundation\Http\Kernel->Illuminate\Foundation\Http\{closure}(Object(Illuminate\Http\Request))
#25 /home/nerimell/Desktop/Nerimell/web/couriers/vendor/laravel/framework/src/Illuminate/Routing/Pipeline.php(52): call_user_func(Object(Closure), Object(Illuminate\Http\Request))
#26 /home/nerimell/Desktop/Nerimell/web/couriers/app/Http/Middleware/siteData.php(20): Illuminate\Routing\Pipeline->Illuminate\Routing\{closure}(Object(Illuminate\Http\Request))
#27 [internal function]: App\Http\Middleware\siteData->handle(Object(Illuminate\Http\Request), Object(Closure))
#28 /home/nerimell/Desktop/Nerimell/web/couriers/vendor/laravel/framework/src/Illuminate/Pipeline/Pipeline.php(136): call_user_func_array(Array, Array)
#29 [internal function]: Illuminate\Pipeline\Pipeline->Illuminate\Pipeline\{closure}(Object(Illuminate\Http\Request))
#30 /home/nerimell/Desktop/Nerimell/web/couriers/vendor/laravel/framework/src/Illuminate/Routing/Pipeline.php(32): call_user_func(Object(Closure), Object(Illuminate\Http\Request))
#31 /home/nerimell/Desktop/Nerimell/web/couriers/vendor/laravel/framework/src/Illuminate/View/Middleware/ShareErrorsFromSession.php(49): Illuminate\Routing\Pipeline->Illuminate\Routing\{closure}(Object(Illuminate\Http\Request))
#32 [internal function]: Illuminate\View\Middleware\ShareErrorsFromSession->handle(Object(Illuminate\Http\Request), Object(Closure))
#33 /home/nerimell/Desktop/Nerimell/web/couriers/vendor/laravel/framework/src/Illuminate/Pipeline/Pipeline.php(136): call_user_func_array(Array, Array)
#34 [internal function]: Illuminate\Pipeline\Pipeline->Illuminate\Pipeline\{closure}(Object(Illuminate\Http\Request))
#35 /home/nerimell/Desktop/Nerimell/web/couriers/vendor/laravel/framework/src/Illuminate/Routing/Pipeline.php(32): call_user_func(Object(Closure), Object(Illuminate\Http\Request))
#36 /home/nerimell/Desktop/Nerimell/web/couriers/vendor/laravel/framework/src/Illuminate/Session/Middleware/StartSession.php(64): Illuminate\Routing\Pipeline->Illuminate\Routing\{closure}(Object(Illuminate\Http\Request))
#37 [internal function]: Illuminate\Session\Middleware\StartSession->handle(Object(Illuminate\Http\Request), Object(Closure))
#38 /home/nerimell/Desktop/Nerimell/web/couriers/vendor/laravel/framework/src/Illuminate/Pipeline/Pipeline.php(136): call_user_func_array(Array, Array)
#39 [internal function]: Illuminate\Pipeline\Pipeline->Illuminate\Pipeline\{closure}(Object(Illuminate\Http\Request))
#40 /home/nerimell/Desktop/Nerimell/web/couriers/vendor/laravel/framework/src/Illuminate/Routing/Pipeline.php(32): call_user_func(Object(Closure), Object(Illuminate\Http\Request))
#41 /home/nerimell/Desktop/Nerimell/web/couriers/vendor/laravel/framework/src/Illuminate/Cookie/Middleware/AddQueuedCookiesToResponse.php(37): Illuminate\Routing\Pipeline->Illuminate\Routing\{closure}(Object(Illuminate\Http\Request))
#42 [internal function]: Illuminate\Cookie\Middleware\AddQueuedCookiesToResponse->handle(Object(Illuminate\Http\Request), Object(Closure))
#43 /home/nerimell/Desktop/Nerimell/web/couriers/vendor/laravel/framework/src/Illuminate/Pipeline/Pipeline.php(136): call_user_func_array(Array, Array)
#44 [internal function]: Illuminate\Pipeline\Pipeline->Illuminate\Pipeline\{closure}(Object(Illuminate\Http\Request))
#45 /home/nerimell/Desktop/Nerimell/web/couriers/vendor/laravel/framework/src/Illuminate/Routing/Pipeline.php(32): call_user_func(Object(Closure), Object(Illuminate\Http\Request))
#46 /home/nerimell/Desktop/Nerimell/web/couriers/vendor/laravel/framework/src/Illuminate/Cookie/Middleware/EncryptCookies.php(59): Illuminate\Routing\Pipeline->Illuminate\Routing\{closure}(Object(Illuminate\Http\Request))
#47 [internal function]: Illuminate\Cookie\Middleware\EncryptCookies->handle(Object(Illuminate\Http\Request), Object(Closure))
#48 /home/nerimell/Desktop/Nerimell/web/couriers/vendor/laravel/framework/src/Illuminate/Pipeline/Pipeline.php(136): call_user_func_array(Array, Array)
#49 [internal function]: Illuminate\Pipeline\Pipeline->Illuminate\Pipeline\{closure}(Object(Illuminate\Http\Request))
#50 /home/nerimell/Desktop/Nerimell/web/couriers/vendor/laravel/framework/src/Illuminate/Routing/Pipeline.php(32): call_user_func(Object(Closure), Object(Illuminate\Http\Request))
#51 /home/nerimell/Desktop/Nerimell/web/couriers/vendor/laravel/framework/src/Illuminate/Foundation/Http/Middleware/CheckForMaintenanceMode.php(44): Illuminate\Routing\Pipeline->Illuminate\Routing\{closure}(Object(Illuminate\Http\Request))
#52 [internal function]: Illuminate\Foundation\Http\Middleware\CheckForMaintenanceMode->handle(Object(Illuminate\Http\Request), Object(Closure))
#53 /home/nerimell/Desktop/Nerimell/web/couriers/vendor/laravel/framework/src/Illuminate/Pipeline/Pipeline.php(136): call_user_func_array(Array, Array)
#54 [internal function]: Illuminate\Pipeline\Pipeline->Illuminate\Pipeline\{closure}(Object(Illuminate\Http\Request))
#55 /home/nerimell/Desktop/Nerimell/web/couriers/vendor/laravel/framework/src/Illuminate/Routing/Pipeline.php(32): call_user_func(Object(Closure), Object(Illuminate\Http\Request))
#56 [internal function]: Illuminate\Routing\Pipeline->Illuminate\Routing\{closure}(Object(Illuminate\Http\Request))
#57 /home/nerimell/Desktop/Nerimell/web/couriers/vendor/laravel/framework/src/Illuminate/Pipeline/Pipeline.php(102): call_user_func(Object(Closure), Object(Illuminate\Http\Request))
#58 /home/nerimell/Desktop/Nerimell/web/couriers/vendor/laravel/framework/src/Illuminate/Foundation/Http/Kernel.php(132): Illuminate\Pipeline\Pipeline->then(Object(Closure))
#59 /home/nerimell/Desktop/Nerimell/web/couriers/vendor/laravel/framework/src/Illuminate/Foundation/Http/Kernel.php(99): Illuminate\Foundation\Http\Kernel->sendRequestThroughRouter(Object(Illuminate\Http\Request))
#60 /home/nerimell/Desktop/Nerimell/web/couriers/index.php(54): Illuminate\Foundation\Http\Kernel->handle(Object(Illuminate\Http\Request))
#61 {main}  
[2016-09-26 09:33:34] local.ERROR: PDOException: SQLSTATE[42S22]: Column not found: 1054 Unknown column 'phone' in 'where clause' in /home/nerimell/Desktop/Nerimell/web/couriers/vendor/laravel/framework/src/Illuminate/Database/Connection.php:333
Stack trace:
#0 /home/nerimell/Desktop/Nerimell/web/couriers/vendor/laravel/framework/src/Illuminate/Database/Connection.php(333): PDO->prepare('select * from `...')
#1 /home/nerimell/Desktop/Nerimell/web/couriers/vendor/laravel/framework/src/Illuminate/Database/Connection.php(722): Illuminate\Database\Connection->Illuminate\Database\{closure}(Object(Illuminate\Database\MySqlConnection), 'select * from `...', Array)
#2 /home/nerimell/Desktop/Nerimell/web/couriers/vendor/laravel/framework/src/Illuminate/Database/Connection.php(685): Illuminate\Database\Connection->runQueryCallback('select * from `...', Array, Object(Closure))
#3 /home/nerimell/Desktop/Nerimell/web/couriers/vendor/laravel/framework/src/Illuminate/Database/Connection.php(349): Illuminate\Database\Connection->run('select * from `...', Array, Object(Closure))
#4 /home/nerimell/Desktop/Nerimell/web/couriers/vendor/laravel/framework/src/Illuminate/Database/Query/Builder.php(1610): Illuminate\Database\Connection->select('select * from `...', Array, true)
#5 /home/nerimell/Desktop/Nerimell/web/couriers/vendor/laravel/framework/src/Illuminate/Database/Query/Builder.php(1596): Illuminate\Database\Query\Builder->runSelect()
#6 /home/nerimell/Desktop/Nerimell/web/couriers/vendor/laravel/framework/src/Illuminate/Database/Query/Builder.php(1577): Illuminate\Database\Query\Builder->get(Array)
#7 /home/nerimell/Desktop/Nerimell/web/couriers/app/Http/Controllers/AppControllers/AppAuthController.php(70): Illuminate\Database\Query\Builder->first()
#8 [internal function]: App\Http\Controllers\AppControllers\AppAuthController->appGetPin(Object(Illuminate\Http\Request))
#9 /home/nerimell/Desktop/Nerimell/web/couriers/vendor/laravel/framework/src/Illuminate/Routing/Controller.php(80): call_user_func_array(Array, Array)
#10 /home/nerimell/Desktop/Nerimell/web/couriers/vendor/laravel/framework/src/Illuminate/Routing/ControllerDispatcher.php(146): Illuminate\Routing\Controller->callAction('appGetPin', Array)
#11 /home/nerimell/Desktop/Nerimell/web/couriers/vendor/laravel/framework/src/Illuminate/Routing/ControllerDispatcher.php(94): Illuminate\Routing\ControllerDispatcher->call(Object(App\Http\Controllers\AppControllers\AppAuthController), Object(Illuminate\Routing\Route), 'appGetPin')
#12 [internal function]: Illuminate\Routing\ControllerDispatcher->Illuminate\Routing\{closure}(Object(Illuminate\Http\Request))
#13 /home/nerimell/Desktop/Nerimell/web/couriers/vendor/laravel/framework/src/Illuminate/Routing/Pipeline.php(52): call_user_func(Object(Closure), Object(Illuminate\Http\Request))
#14 [internal function]: Illuminate\Routing\Pipeline->Illuminate\Routing\{closure}(Object(Illuminate\Http\Request))
#15 /home/nerimell/Desktop/Nerimell/web/couriers/vendor/laravel/framework/src/Illuminate/Pipeline/Pipeline.php(102): call_user_func(Object(Closure), Object(Illuminate\Http\Request))
#16 /home/nerimell/Desktop/Nerimell/web/couriers/vendor/laravel/framework/src/Illuminate/Routing/ControllerDispatcher.php(96): Illuminate\Pipeline\Pipeline->then(Object(Closure))
#17 /home/nerimell/Desktop/Nerimell/web/couriers/vendor/laravel/framework/src/Illuminate/Routing/ControllerDispatcher.php(54): Illuminate\Routing\ControllerDispatcher->callWithinStack(Object(App\Http\Controllers\AppControllers\AppAuthController), Object(Illuminate\Routing\Route), Object(Illuminate\Http\Request), 'appGetPin')
#18 /home/nerimell/Desktop/Nerimell/web/couriers/vendor/laravel/framework/src/Illuminate/Routing/Route.php(174): Illuminate\Routing\ControllerDispatcher->dispatch(Object(Illuminate\Routing\Route), Object(Illuminate\Http\Request), 'App\\Http\\Contro...', 'appGetPin')
#19 /home/nerimell/Desktop/Nerimell/web/couriers/vendor/laravel/framework/src/Illuminate/Routing/Route.php(140): Illuminate\Routing\Route->runController(Object(Illuminate\Http\Request))
#20 /home/nerimell/Desktop/Nerimell/web/couriers/vendor/laravel/framework/src/Illuminate/Routing/Router.php(724): Illuminate\Routing\Route->run(Object(Illuminate\Http\Request))
#21 [internal function]: Illuminate\Routing\Router->Illuminate\Routing\{closure}(Object(Illuminate\Http\Request))
#22 /home/nerimell/Desktop/Nerimell/web/couriers/vendor/laravel/framework/src/Illuminate/Routing/Pipeline.php(52): call_user_func(Object(Closure), Object(Illuminate\Http\Request))
#23 [internal function]: Illuminate\Routing\Pipeline->Illuminate\Routing\{closure}(Object(Illuminate\Http\Request))
#24 /home/nerimell/Desktop/Nerimell/web/couriers/vendor/laravel/framework/src/Illuminate/Pipeline/Pipeline.php(102): call_user_func(Object(Closure), Object(Illuminate\Http\Request))
#25 /home/nerimell/Desktop/Nerimell/web/couriers/vendor/laravel/framework/src/Illuminate/Routing/Router.php(726): Illuminate\Pipeline\Pipeline->then(Object(Closure))
#26 /home/nerimell/Desktop/Nerimell/web/couriers/vendor/laravel/framework/src/Illuminate/Routing/Router.php(699): Illuminate\Routing\Router->runRouteWithinStack(Object(Illuminate\Routing\Route), Object(Illuminate\Http\Request))
#27 /home/nerimell/Desktop/Nerimell/web/couriers/vendor/laravel/framework/src/Illuminate/Routing/Router.php(675): Illuminate\Routing\Router->dispatchToRoute(Object(Illuminate\Http\Request))
#28 /home/nerimell/Desktop/Nerimell/web/couriers/vendor/laravel/framework/src/Illuminate/Foundation/Http/Kernel.php(246): Illuminate\Routing\Router->dispatch(Object(Illuminate\Http\Request))
#29 [internal function]: Illuminate\Foundation\Http\Kernel->Illuminate\Foundation\Http\{closure}(Object(Illuminate\Http\Request))
#30 /home/nerimell/Desktop/Nerimell/web/couriers/vendor/laravel/framework/src/Illuminate/Routing/Pipeline.php(52): call_user_func(Object(Closure), Object(Illuminate\Http\Request))
#31 /home/nerimell/Desktop/Nerimell/web/couriers/app/Http/Middleware/siteData.php(20): Illuminate\Routing\Pipeline->Illuminate\Routing\{closure}(Object(Illuminate\Http\Request))
#32 [internal function]: App\Http\Middleware\siteData->handle(Object(Illuminate\Http\Request), Object(Closure))
#33 /home/nerimell/Desktop/Nerimell/web/couriers/vendor/laravel/framework/src/Illuminate/Pipeline/Pipeline.php(136): call_user_func_array(Array, Array)
#34 [internal function]: Illuminate\Pipeline\Pipeline->Illuminate\Pipeline\{closure}(Object(Illuminate\Http\Request))
#35 /home/nerimell/Desktop/Nerimell/web/couriers/vendor/laravel/framework/src/Illuminate/Routing/Pipeline.php(32): call_user_func(Object(Closure), Object(Illuminate\Http\Request))
#36 /home/nerimell/Desktop/Nerimell/web/couriers/vendor/laravel/framework/src/Illuminate/View/Middleware/ShareErrorsFromSession.php(49): Illuminate\Routing\Pipeline->Illuminate\Routing\{closure}(Object(Illuminate\Http\Request))
#37 [internal function]: Illuminate\View\Middleware\ShareErrorsFromSession->handle(Object(Illuminate\Http\Request), Object(Closure))
#38 /home/nerimell/Desktop/Nerimell/web/couriers/vendor/laravel/framework/src/Illuminate/Pipeline/Pipeline.php(136): call_user_func_array(Array, Array)
#39 [internal function]: Illuminate\Pipeline\Pipeline->Illuminate\Pipeline\{closure}(Object(Illuminate\Http\Request))
#40 /home/nerimell/Desktop/Nerimell/web/couriers/vendor/laravel/framework/src/Illuminate/Routing/Pipeline.php(32): call_user_func(Object(Closure), Object(Illuminate\Http\Request))
#41 /home/nerimell/Desktop/Nerimell/web/couriers/vendor/laravel/framework/src/Illuminate/Session/Middleware/StartSession.php(64): Illuminate\Routing\Pipeline->Illuminate\Routing\{closure}(Object(Illuminate\Http\Request))
#42 [internal function]: Illuminate\Session\Middleware\StartSession->handle(Object(Illuminate\Http\Request), Object(Closure))
#43 /home/nerimell/Desktop/Nerimell/web/couriers/vendor/laravel/framework/src/Illuminate/Pipeline/Pipeline.php(136): call_user_func_array(Array, Array)
#44 [internal function]: Illuminate\Pipeline\Pipeline->Illuminate\Pipeline\{closure}(Object(Illuminate\Http\Request))
#45 /home/nerimell/Desktop/Nerimell/web/couriers/vendor/laravel/framework/src/Illuminate/Routing/Pipeline.php(32): call_user_func(Object(Closure), Object(Illuminate\Http\Request))
#46 /home/nerimell/Desktop/Nerimell/web/couriers/vendor/laravel/framework/src/Illuminate/Cookie/Middleware/AddQueuedCookiesToResponse.php(37): Illuminate\Routing\Pipeline->Illuminate\Routing\{closure}(Object(Illuminate\Http\Request))
#47 [internal function]: Illuminate\Cookie\Middleware\AddQueuedCookiesToResponse->handle(Object(Illuminate\Http\Request), Object(Closure))
#48 /home/nerimell/Desktop/Nerimell/web/couriers/vendor/laravel/framework/src/Illuminate/Pipeline/Pipeline.php(136): call_user_func_array(Array, Array)
#49 [internal function]: Illuminate\Pipeline\Pipeline->Illuminate\Pipeline\{closure}(Object(Illuminate\Http\Request))
#50 /home/nerimell/Desktop/Nerimell/web/couriers/vendor/laravel/framework/src/Illuminate/Routing/Pipeline.php(32): call_user_func(Object(Closure), Object(Illuminate\Http\Request))
#51 /home/nerimell/Desktop/Nerimell/web/couriers/vendor/laravel/framework/src/Illuminate/Cookie/Middleware/EncryptCookies.php(59): Illuminate\Routing\Pipeline->Illuminate\Routing\{closure}(Object(Illuminate\Http\Request))
#52 [internal function]: Illuminate\Cookie\Middleware\EncryptCookies->handle(Object(Illuminate\Http\Request), Object(Closure))
#53 /home/nerimell/Desktop/Nerimell/web/couriers/vendor/laravel/framework/src/Illuminate/Pipeline/Pipeline.php(136): call_user_func_array(Array, Array)
#54 [internal function]: Illuminate\Pipeline\Pipeline->Illuminate\Pipeline\{closure}(Object(Illuminate\Http\Request))
#55 /home/nerimell/Desktop/Nerimell/web/couriers/vendor/laravel/framework/src/Illuminate/Routing/Pipeline.php(32): call_user_func(Object(Closure), Object(Illuminate\Http\Request))
#56 /home/nerimell/Desktop/Nerimell/web/couriers/vendor/laravel/framework/src/Illuminate/Foundation/Http/Middleware/CheckForMaintenanceMode.php(44): Illuminate\Routing\Pipeline->Illuminate\Routing\{closure}(Object(Illuminate\Http\Request))
#57 [internal function]: Illuminate\Foundation\Http\Middleware\CheckForMaintenanceMode->handle(Object(Illuminate\Http\Request), Object(Closure))
#58 /home/nerimell/Desktop/Nerimell/web/couriers/vendor/laravel/framework/src/Illuminate/Pipeline/Pipeline.php(136): call_user_func_array(Array, Array)
#59 [internal function]: Illuminate\Pipeline\Pipeline->Illuminate\Pipeline\{closure}(Object(Illuminate\Http\Request))
#60 /home/nerimell/Desktop/Nerimell/web/couriers/vendor/laravel/framework/src/Illuminate/Routing/Pipeline.php(32): call_user_func(Object(Closure), Object(Illuminate\Http\Request))
#61 [internal function]: Illuminate\Routing\Pipeline->Illuminate\Routing\{closure}(Object(Illuminate\Http\Request))
#62 /home/nerimell/Desktop/Nerimell/web/couriers/vendor/laravel/framework/src/Illuminate/Pipeline/Pipeline.php(102): call_user_func(Object(Closure), Object(Illuminate\Http\Request))
#63 /home/nerimell/Desktop/Nerimell/web/couriers/vendor/laravel/framework/src/Illuminate/Foundation/Http/Kernel.php(132): Illuminate\Pipeline\Pipeline->then(Object(Closure))
#64 /home/nerimell/Desktop/Nerimell/web/couriers/vendor/laravel/framework/src/Illuminate/Foundation/Http/Kernel.php(99): Illuminate\Foundation\Http\Kernel->sendRequestThroughRouter(Object(Illuminate\Http\Request))
#65 /home/nerimell/Desktop/Nerimell/web/couriers/index.php(54): Illuminate\Foundation\Http\Kernel->handle(Object(Illuminate\Http\Request))
#66 {main}

Next Illuminate\Database\QueryException: SQLSTATE[42S22]: Column not found: 1054 Unknown column 'phone' in 'where clause' (SQL: select * from `users` where `phone` = 7878787878 and `password` = y$IX9b68blHO8wYGWqtC.S3.F3QBktTFkj3bWugtpRNix68ctIs7Zl. limit 1) in /home/nerimell/Desktop/Nerimell/web/couriers/vendor/laravel/framework/src/Illuminate/Database/Connection.php:729
Stack trace:
#0 /home/nerimell/Desktop/Nerimell/web/couriers/vendor/laravel/framework/src/Illuminate/Database/Connection.php(685): Illuminate\Database\Connection->runQueryCallback('select * from `...', Array, Object(Closure))
#1 /home/nerimell/Desktop/Nerimell/web/couriers/vendor/laravel/framework/src/Illuminate/Database/Connection.php(349): Illuminate\Database\Connection->run('select * from `...', Array, Object(Closure))
#2 /home/nerimell/Desktop/Nerimell/web/couriers/vendor/laravel/framework/src/Illuminate/Database/Query/Builder.php(1610): Illuminate\Database\Connection->select('select * from `...', Array, true)
#3 /home/nerimell/Desktop/Nerimell/web/couriers/vendor/laravel/framework/src/Illuminate/Database/Query/Builder.php(1596): Illuminate\Database\Query\Builder->runSelect()
#4 /home/nerimell/Desktop/Nerimell/web/couriers/vendor/laravel/framework/src/Illuminate/Database/Query/Builder.php(1577): Illuminate\Database\Query\Builder->get(Array)
#5 /home/nerimell/Desktop/Nerimell/web/couriers/app/Http/Controllers/AppControllers/AppAuthController.php(70): Illuminate\Database\Query\Builder->first()
#6 [internal function]: App\Http\Controllers\AppControllers\AppAuthController->appGetPin(Object(Illuminate\Http\Request))
#7 /home/nerimell/Desktop/Nerimell/web/couriers/vendor/laravel/framework/src/Illuminate/Routing/Controller.php(80): call_user_func_array(Array, Array)
#8 /home/nerimell/Desktop/Nerimell/web/couriers/vendor/laravel/framework/src/Illuminate/Routing/ControllerDispatcher.php(146): Illuminate\Routing\Controller->callAction('appGetPin', Array)
#9 /home/nerimell/Desktop/Nerimell/web/couriers/vendor/laravel/framework/src/Illuminate/Routing/ControllerDispatcher.php(94): Illuminate\Routing\ControllerDispatcher->call(Object(App\Http\Controllers\AppControllers\AppAuthController), Object(Illuminate\Routing\Route), 'appGetPin')
#10 [internal function]: Illuminate\Routing\ControllerDispatcher->Illuminate\Routing\{closure}(Object(Illuminate\Http\Request))
#11 /home/nerimell/Desktop/Nerimell/web/couriers/vendor/laravel/framework/src/Illuminate/Routing/Pipeline.php(52): call_user_func(Object(Closure), Object(Illuminate\Http\Request))
#12 [internal function]: Illuminate\Routing\Pipeline->Illuminate\Routing\{closure}(Object(Illuminate\Http\Request))
#13 /home/nerimell/Desktop/Nerimell/web/couriers/vendor/laravel/framework/src/Illuminate/Pipeline/Pipeline.php(102): call_user_func(Object(Closure), Object(Illuminate\Http\Request))
#14 /home/nerimell/Desktop/Nerimell/web/couriers/vendor/laravel/framework/src/Illuminate/Routing/ControllerDispatcher.php(96): Illuminate\Pipeline\Pipeline->then(Object(Closure))
#15 /home/nerimell/Desktop/Nerimell/web/couriers/vendor/laravel/framework/src/Illuminate/Routing/ControllerDispatcher.php(54): Illuminate\Routing\ControllerDispatcher->callWithinStack(Object(App\Http\Controllers\AppControllers\AppAuthController), Object(Illuminate\Routing\Route), Object(Illuminate\Http\Request), 'appGetPin')
#16 /home/nerimell/Desktop/Nerimell/web/couriers/vendor/laravel/framework/src/Illuminate/Routing/Route.php(174): Illuminate\Routing\ControllerDispatcher->dispatch(Object(Illuminate\Routing\Route), Object(Illuminate\Http\Request), 'App\\Http\\Contro...', 'appGetPin')
#17 /home/nerimell/Desktop/Nerimell/web/couriers/vendor/laravel/framework/src/Illuminate/Routing/Route.php(140): Illuminate\Routing\Route->runController(Object(Illuminate\Http\Request))
#18 /home/nerimell/Desktop/Nerimell/web/couriers/vendor/laravel/framework/src/Illuminate/Routing/Router.php(724): Illuminate\Routing\Route->run(Object(Illuminate\Http\Request))
#19 [internal function]: Illuminate\Routing\Router->Illuminate\Routing\{closure}(Object(Illuminate\Http\Request))
#20 /home/nerimell/Desktop/Nerimell/web/couriers/vendor/laravel/framework/src/Illuminate/Routing/Pipeline.php(52): call_user_func(Object(Closure), Object(Illuminate\Http\Request))
#21 [internal function]: Illuminate\Routing\Pipeline->Illuminate\Routing\{closure}(Object(Illuminate\Http\Request))
#22 /home/nerimell/Desktop/Nerimell/web/couriers/vendor/laravel/framework/src/Illuminate/Pipeline/Pipeline.php(102): call_user_func(Object(Closure), Object(Illuminate\Http\Request))
#23 /home/nerimell/Desktop/Nerimell/web/couriers/vendor/laravel/framework/src/Illuminate/Routing/Router.php(726): Illuminate\Pipeline\Pipeline->then(Object(Closure))
#24 /home/nerimell/Desktop/Nerimell/web/couriers/vendor/laravel/framework/src/Illuminate/Routing/Router.php(699): Illuminate\Routing\Router->runRouteWithinStack(Object(Illuminate\Routing\Route), Object(Illuminate\Http\Request))
#25 /home/nerimell/Desktop/Nerimell/web/couriers/vendor/laravel/framework/src/Illuminate/Routing/Router.php(675): Illuminate\Routing\Router->dispatchToRoute(Object(Illuminate\Http\Request))
#26 /home/nerimell/Desktop/Nerimell/web/couriers/vendor/laravel/framework/src/Illuminate/Foundation/Http/Kernel.php(246): Illuminate\Routing\Router->dispatch(Object(Illuminate\Http\Request))
#27 [internal function]: Illuminate\Foundation\Http\Kernel->Illuminate\Foundation\Http\{closure}(Object(Illuminate\Http\Request))
#28 /home/nerimell/Desktop/Nerimell/web/couriers/vendor/laravel/framework/src/Illuminate/Routing/Pipeline.php(52): call_user_func(Object(Closure), Object(Illuminate\Http\Request))
#29 /home/nerimell/Desktop/Nerimell/web/couriers/app/Http/Middleware/siteData.php(20): Illuminate\Routing\Pipeline->Illuminate\Routing\{closure}(Object(Illuminate\Http\Request))
#30 [internal function]: App\Http\Middleware\siteData->handle(Object(Illuminate\Http\Request), Object(Closure))
#31 /home/nerimell/Desktop/Nerimell/web/couriers/vendor/laravel/framework/src/Illuminate/Pipeline/Pipeline.php(136): call_user_func_array(Array, Array)
#32 [internal function]: Illuminate\Pipeline\Pipeline->Illuminate\Pipeline\{closure}(Object(Illuminate\Http\Request))
#33 /home/nerimell/Desktop/Nerimell/web/couriers/vendor/laravel/framework/src/Illuminate/Routing/Pipeline.php(32): call_user_func(Object(Closure), Object(Illuminate\Http\Request))
#34 /home/nerimell/Desktop/Nerimell/web/couriers/vendor/laravel/framework/src/Illuminate/View/Middleware/ShareErrorsFromSession.php(49): Illuminate\Routing\Pipeline->Illuminate\Routing\{closure}(Object(Illuminate\Http\Request))
#35 [internal function]: Illuminate\View\Middleware\ShareErrorsFromSession->handle(Object(Illuminate\Http\Request), Object(Closure))
#36 /home/nerimell/Desktop/Nerimell/web/couriers/vendor/laravel/framework/src/Illuminate/Pipeline/Pipeline.php(136): call_user_func_array(Array, Array)
#37 [internal function]: Illuminate\Pipeline\Pipeline->Illuminate\Pipeline\{closure}(Object(Illuminate\Http\Request))
#38 /home/nerimell/Desktop/Nerimell/web/couriers/vendor/laravel/framework/src/Illuminate/Routing/Pipeline.php(32): call_user_func(Object(Closure), Object(Illuminate\Http\Request))
#39 /home/nerimell/Desktop/Nerimell/web/couriers/vendor/laravel/framework/src/Illuminate/Session/Middleware/StartSession.php(64): Illuminate\Routing\Pipeline->Illuminate\Routing\{closure}(Object(Illuminate\Http\Request))
#40 [internal function]: Illuminate\Session\Middleware\StartSession->handle(Object(Illuminate\Http\Request), Object(Closure))
#41 /home/nerimell/Desktop/Nerimell/web/couriers/vendor/laravel/framework/src/Illuminate/Pipeline/Pipeline.php(136): call_user_func_array(Array, Array)
#42 [internal function]: Illuminate\Pipeline\Pipeline->Illuminate\Pipeline\{closure}(Object(Illuminate\Http\Request))
#43 /home/nerimell/Desktop/Nerimell/web/couriers/vendor/laravel/framework/src/Illuminate/Routing/Pipeline.php(32): call_user_func(Object(Closure), Object(Illuminate\Http\Request))
#44 /home/nerimell/Desktop/Nerimell/web/couriers/vendor/laravel/framework/src/Illuminate/Cookie/Middleware/AddQueuedCookiesToResponse.php(37): Illuminate\Routing\Pipeline->Illuminate\Routing\{closure}(Object(Illuminate\Http\Request))
#45 [internal function]: Illuminate\Cookie\Middleware\AddQueuedCookiesToResponse->handle(Object(Illuminate\Http\Request), Object(Closure))
#46 /home/nerimell/Desktop/Nerimell/web/couriers/vendor/laravel/framework/src/Illuminate/Pipeline/Pipeline.php(136): call_user_func_array(Array, Array)
#47 [internal function]: Illuminate\Pipeline\Pipeline->Illuminate\Pipeline\{closure}(Object(Illuminate\Http\Request))
#48 /home/nerimell/Desktop/Nerimell/web/couriers/vendor/laravel/framework/src/Illuminate/Routing/Pipeline.php(32): call_user_func(Object(Closure), Object(Illuminate\Http\Request))
#49 /home/nerimell/Desktop/Nerimell/web/couriers/vendor/laravel/framework/src/Illuminate/Cookie/Middleware/EncryptCookies.php(59): Illuminate\Routing\Pipeline->Illuminate\Routing\{closure}(Object(Illuminate\Http\Request))
#50 [internal function]: Illuminate\Cookie\Middleware\EncryptCookies->handle(Object(Illuminate\Http\Request), Object(Closure))
#51 /home/nerimell/Desktop/Nerimell/web/couriers/vendor/laravel/framework/src/Illuminate/Pipeline/Pipeline.php(136): call_user_func_array(Array, Array)
#52 [internal function]: Illuminate\Pipeline\Pipeline->Illuminate\Pipeline\{closure}(Object(Illuminate\Http\Request))
#53 /home/nerimell/Desktop/Nerimell/web/couriers/vendor/laravel/framework/src/Illuminate/Routing/Pipeline.php(32): call_user_func(Object(Closure), Object(Illuminate\Http\Request))
#54 /home/nerimell/Desktop/Nerimell/web/couriers/vendor/laravel/framework/src/Illuminate/Foundation/Http/Middleware/CheckForMaintenanceMode.php(44): Illuminate\Routing\Pipeline->Illuminate\Routing\{closure}(Object(Illuminate\Http\Request))
#55 [internal function]: Illuminate\Foundation\Http\Middleware\CheckForMaintenanceMode->handle(Object(Illuminate\Http\Request), Object(Closure))
#56 /home/nerimell/Desktop/Nerimell/web/couriers/vendor/laravel/framework/src/Illuminate/Pipeline/Pipeline.php(136): call_user_func_array(Array, Array)
#57 [internal function]: Illuminate\Pipeline\Pipeline->Illuminate\Pipeline\{closure}(Object(Illuminate\Http\Request))
#58 /home/nerimell/Desktop/Nerimell/web/couriers/vendor/laravel/framework/src/Illuminate/Routing/Pipeline.php(32): call_user_func(Object(Closure), Object(Illuminate\Http\Request))
#59 [internal function]: Illuminate\Routing\Pipeline->Illuminate\Routing\{closure}(Object(Illuminate\Http\Request))
#60 /home/nerimell/Desktop/Nerimell/web/couriers/vendor/laravel/framework/src/Illuminate/Pipeline/Pipeline.php(102): call_user_func(Object(Closure), Object(Illuminate\Http\Request))
#61 /home/nerimell/Desktop/Nerimell/web/couriers/vendor/laravel/framework/src/Illuminate/Foundation/Http/Kernel.php(132): Illuminate\Pipeline\Pipeline->then(Object(Closure))
#62 /home/nerimell/Desktop/Nerimell/web/couriers/vendor/laravel/framework/src/Illuminate/Foundation/Http/Kernel.php(99): Illuminate\Foundation\Http\Kernel->sendRequestThroughRouter(Object(Illuminate\Http\Request))
#63 /home/nerimell/Desktop/Nerimell/web/couriers/index.php(54): Illuminate\Foundation\Http\Kernel->handle(Object(Illuminate\Http\Request))
#64 {main}  
[2016-09-26 09:41:28] local.ERROR: ParseError: syntax error, unexpected '$userPassword' (T_VARIABLE) in /home/nerimell/Desktop/Nerimell/web/couriers/app/Http/Controllers/AppControllers/AppAuthController.php:68
Stack trace:
#0 /home/nerimell/Desktop/Nerimell/web/couriers/vendor/composer/ClassLoader.php(301): Composer\Autoload\includeFile('/home/nerimell/...')
#1 [internal function]: Composer\Autoload\ClassLoader->loadClass('App\\Http\\Contro...')
#2 [internal function]: spl_autoload_call('App\\Http\\Contro...')
#3 /home/nerimell/Desktop/Nerimell/web/couriers/vendor/laravel/framework/src/Illuminate/Routing/Route.php(280): ReflectionMethod->__construct('App\\Http\\Contro...', 'appGetPin')
#4 /home/nerimell/Desktop/Nerimell/web/couriers/vendor/laravel/framework/src/Illuminate/Routing/Router.php(857): Illuminate\Routing\Route->signatureParameters('Illuminate\\Data...')
#5 /home/nerimell/Desktop/Nerimell/web/couriers/vendor/laravel/framework/src/Illuminate/Routing/Router.php(842): Illuminate\Routing\Router->substituteImplicitBindings(Object(Illuminate\Routing\Route))
#6 /home/nerimell/Desktop/Nerimell/web/couriers/vendor/laravel/framework/src/Illuminate/Routing/Router.php(825): Illuminate\Routing\Router->substituteBindings(Object(Illuminate\Routing\Route))
#7 /home/nerimell/Desktop/Nerimell/web/couriers/vendor/laravel/framework/src/Illuminate/Routing/Router.php(691): Illuminate\Routing\Router->findRoute(Object(Illuminate\Http\Request))
#8 /home/nerimell/Desktop/Nerimell/web/couriers/vendor/laravel/framework/src/Illuminate/Routing/Router.php(675): Illuminate\Routing\Router->dispatchToRoute(Object(Illuminate\Http\Request))
#9 /home/nerimell/Desktop/Nerimell/web/couriers/vendor/laravel/framework/src/Illuminate/Foundation/Http/Kernel.php(246): Illuminate\Routing\Router->dispatch(Object(Illuminate\Http\Request))
#10 [internal function]: Illuminate\Foundation\Http\Kernel->Illuminate\Foundation\Http\{closure}(Object(Illuminate\Http\Request))
#11 /home/nerimell/Desktop/Nerimell/web/couriers/vendor/laravel/framework/src/Illuminate/Routing/Pipeline.php(52): call_user_func(Object(Closure), Object(Illuminate\Http\Request))
#12 /home/nerimell/Desktop/Nerimell/web/couriers/app/Http/Middleware/siteData.php(20): Illuminate\Routing\Pipeline->Illuminate\Routing\{closure}(Object(Illuminate\Http\Request))
#13 [internal function]: App\Http\Middleware\siteData->handle(Object(Illuminate\Http\Request), Object(Closure))
#14 /home/nerimell/Desktop/Nerimell/web/couriers/vendor/laravel/framework/src/Illuminate/Pipeline/Pipeline.php(136): call_user_func_array(Array, Array)
#15 [internal function]: Illuminate\Pipeline\Pipeline->Illuminate\Pipeline\{closure}(Object(Illuminate\Http\Request))
#16 /home/nerimell/Desktop/Nerimell/web/couriers/vendor/laravel/framework/src/Illuminate/Routing/Pipeline.php(32): call_user_func(Object(Closure), Object(Illuminate\Http\Request))
#17 /home/nerimell/Desktop/Nerimell/web/couriers/vendor/laravel/framework/src/Illuminate/View/Middleware/ShareErrorsFromSession.php(49): Illuminate\Routing\Pipeline->Illuminate\Routing\{closure}(Object(Illuminate\Http\Request))
#18 [internal function]: Illuminate\View\Middleware\ShareErrorsFromSession->handle(Object(Illuminate\Http\Request), Object(Closure))
#19 /home/nerimell/Desktop/Nerimell/web/couriers/vendor/laravel/framework/src/Illuminate/Pipeline/Pipeline.php(136): call_user_func_array(Array, Array)
#20 [internal function]: Illuminate\Pipeline\Pipeline->Illuminate\Pipeline\{closure}(Object(Illuminate\Http\Request))
#21 /home/nerimell/Desktop/Nerimell/web/couriers/vendor/laravel/framework/src/Illuminate/Routing/Pipeline.php(32): call_user_func(Object(Closure), Object(Illuminate\Http\Request))
#22 /home/nerimell/Desktop/Nerimell/web/couriers/vendor/laravel/framework/src/Illuminate/Session/Middleware/StartSession.php(64): Illuminate\Routing\Pipeline->Illuminate\Routing\{closure}(Object(Illuminate\Http\Request))
#23 [internal function]: Illuminate\Session\Middleware\StartSession->handle(Object(Illuminate\Http\Request), Object(Closure))
#24 /home/nerimell/Desktop/Nerimell/web/couriers/vendor/laravel/framework/src/Illuminate/Pipeline/Pipeline.php(136): call_user_func_array(Array, Array)
#25 [internal function]: Illuminate\Pipeline\Pipeline->Illuminate\Pipeline\{closure}(Object(Illuminate\Http\Request))
#26 /home/nerimell/Desktop/Nerimell/web/couriers/vendor/laravel/framework/src/Illuminate/Routing/Pipeline.php(32): call_user_func(Object(Closure), Object(Illuminate\Http\Request))
#27 /home/nerimell/Desktop/Nerimell/web/couriers/vendor/laravel/framework/src/Illuminate/Cookie/Middleware/AddQueuedCookiesToResponse.php(37): Illuminate\Routing\Pipeline->Illuminate\Routing\{closure}(Object(Illuminate\Http\Request))
#28 [internal function]: Illuminate\Cookie\Middleware\AddQueuedCookiesToResponse->handle(Object(Illuminate\Http\Request), Object(Closure))
#29 /home/nerimell/Desktop/Nerimell/web/couriers/vendor/laravel/framework/src/Illuminate/Pipeline/Pipeline.php(136): call_user_func_array(Array, Array)
#30 [internal function]: Illuminate\Pipeline\Pipeline->Illuminate\Pipeline\{closure}(Object(Illuminate\Http\Request))
#31 /home/nerimell/Desktop/Nerimell/web/couriers/vendor/laravel/framework/src/Illuminate/Routing/Pipeline.php(32): call_user_func(Object(Closure), Object(Illuminate\Http\Request))
#32 /home/nerimell/Desktop/Nerimell/web/couriers/vendor/laravel/framework/src/Illuminate/Cookie/Middleware/EncryptCookies.php(59): Illuminate\Routing\Pipeline->Illuminate\Routing\{closure}(Object(Illuminate\Http\Request))
#33 [internal function]: Illuminate\Cookie\Middleware\EncryptCookies->handle(Object(Illuminate\Http\Request), Object(Closure))
#34 /home/nerimell/Desktop/Nerimell/web/couriers/vendor/laravel/framework/src/Illuminate/Pipeline/Pipeline.php(136): call_user_func_array(Array, Array)
#35 [internal function]: Illuminate\Pipeline\Pipeline->Illuminate\Pipeline\{closure}(Object(Illuminate\Http\Request))
#36 /home/nerimell/Desktop/Nerimell/web/couriers/vendor/laravel/framework/src/Illuminate/Routing/Pipeline.php(32): call_user_func(Object(Closure), Object(Illuminate\Http\Request))
#37 /home/nerimell/Desktop/Nerimell/web/couriers/vendor/laravel/framework/src/Illuminate/Foundation/Http/Middleware/CheckForMaintenanceMode.php(44): Illuminate\Routing\Pipeline->Illuminate\Routing\{closure}(Object(Illuminate\Http\Request))
#38 [internal function]: Illuminate\Foundation\Http\Middleware\CheckForMaintenanceMode->handle(Object(Illuminate\Http\Request), Object(Closure))
#39 /home/nerimell/Desktop/Nerimell/web/couriers/vendor/laravel/framework/src/Illuminate/Pipeline/Pipeline.php(136): call_user_func_array(Array, Array)
#40 [internal function]: Illuminate\Pipeline\Pipeline->Illuminate\Pipeline\{closure}(Object(Illuminate\Http\Request))
#41 /home/nerimell/Desktop/Nerimell/web/couriers/vendor/laravel/framework/src/Illuminate/Routing/Pipeline.php(32): call_user_func(Object(Closure), Object(Illuminate\Http\Request))
#42 [internal function]: Illuminate\Routing\Pipeline->Illuminate\Routing\{closure}(Object(Illuminate\Http\Request))
#43 /home/nerimell/Desktop/Nerimell/web/couriers/vendor/laravel/framework/src/Illuminate/Pipeline/Pipeline.php(102): call_user_func(Object(Closure), Object(Illuminate\Http\Request))
#44 /home/nerimell/Desktop/Nerimell/web/couriers/vendor/laravel/framework/src/Illuminate/Foundation/Http/Kernel.php(132): Illuminate\Pipeline\Pipeline->then(Object(Closure))
#45 /home/nerimell/Desktop/Nerimell/web/couriers/vendor/laravel/framework/src/Illuminate/Foundation/Http/Kernel.php(99): Illuminate\Foundation\Http\Kernel->sendRequestThroughRouter(Object(Illuminate\Http\Request))
#46 /home/nerimell/Desktop/Nerimell/web/couriers/index.php(54): Illuminate\Foundation\Http\Kernel->handle(Object(Illuminate\Http\Request))
#47 {main}

Next ReflectionException: Class App\Http\Controllers\AppControllers\AppAuthController does not exist in /home/nerimell/Desktop/Nerimell/web/couriers/vendor/laravel/framework/src/Illuminate/Routing/Route.php:280
Stack trace:
#0 /home/nerimell/Desktop/Nerimell/web/couriers/vendor/laravel/framework/src/Illuminate/Routing/Route.php(280): ReflectionMethod->__construct('App\\Http\\Contro...', 'appGetPin')
#1 /home/nerimell/Desktop/Nerimell/web/couriers/vendor/laravel/framework/src/Illuminate/Routing/Router.php(857): Illuminate\Routing\Route->signatureParameters('Illuminate\\Data...')
#2 /home/nerimell/Desktop/Nerimell/web/couriers/vendor/laravel/framework/src/Illuminate/Routing/Router.php(842): Illuminate\Routing\Router->substituteImplicitBindings(Object(Illuminate\Routing\Route))
#3 /home/nerimell/Desktop/Nerimell/web/couriers/vendor/laravel/framework/src/Illuminate/Routing/Router.php(825): Illuminate\Routing\Router->substituteBindings(Object(Illuminate\Routing\Route))
#4 /home/nerimell/Desktop/Nerimell/web/couriers/vendor/laravel/framework/src/Illuminate/Routing/Router.php(691): Illuminate\Routing\Router->findRoute(Object(Illuminate\Http\Request))
#5 /home/nerimell/Desktop/Nerimell/web/couriers/vendor/laravel/framework/src/Illuminate/Routing/Router.php(675): Illuminate\Routing\Router->dispatchToRoute(Object(Illuminate\Http\Request))
#6 /home/nerimell/Desktop/Nerimell/web/couriers/vendor/laravel/framework/src/Illuminate/Foundation/Http/Kernel.php(246): Illuminate\Routing\Router->dispatch(Object(Illuminate\Http\Request))
#7 [internal function]: Illuminate\Foundation\Http\Kernel->Illuminate\Foundation\Http\{closure}(Object(Illuminate\Http\Request))
#8 /home/nerimell/Desktop/Nerimell/web/couriers/vendor/laravel/framework/src/Illuminate/Routing/Pipeline.php(52): call_user_func(Object(Closure), Object(Illuminate\Http\Request))
#9 /home/nerimell/Desktop/Nerimell/web/couriers/app/Http/Middleware/siteData.php(20): Illuminate\Routing\Pipeline->Illuminate\Routing\{closure}(Object(Illuminate\Http\Request))
#10 [internal function]: App\Http\Middleware\siteData->handle(Object(Illuminate\Http\Request), Object(Closure))
#11 /home/nerimell/Desktop/Nerimell/web/couriers/vendor/laravel/framework/src/Illuminate/Pipeline/Pipeline.php(136): call_user_func_array(Array, Array)
#12 [internal function]: Illuminate\Pipeline\Pipeline->Illuminate\Pipeline\{closure}(Object(Illuminate\Http\Request))
#13 /home/nerimell/Desktop/Nerimell/web/couriers/vendor/laravel/framework/src/Illuminate/Routing/Pipeline.php(32): call_user_func(Object(Closure), Object(Illuminate\Http\Request))
#14 /home/nerimell/Desktop/Nerimell/web/couriers/vendor/laravel/framework/src/Illuminate/View/Middleware/ShareErrorsFromSession.php(49): Illuminate\Routing\Pipeline->Illuminate\Routing\{closure}(Object(Illuminate\Http\Request))
#15 [internal function]: Illuminate\View\Middleware\ShareErrorsFromSession->handle(Object(Illuminate\Http\Request), Object(Closure))
#16 /home/nerimell/Desktop/Nerimell/web/couriers/vendor/laravel/framework/src/Illuminate/Pipeline/Pipeline.php(136): call_user_func_array(Array, Array)
#17 [internal function]: Illuminate\Pipeline\Pipeline->Illuminate\Pipeline\{closure}(Object(Illuminate\Http\Request))
#18 /home/nerimell/Desktop/Nerimell/web/couriers/vendor/laravel/framework/src/Illuminate/Routing/Pipeline.php(32): call_user_func(Object(Closure), Object(Illuminate\Http\Request))
#19 /home/nerimell/Desktop/Nerimell/web/couriers/vendor/laravel/framework/src/Illuminate/Session/Middleware/StartSession.php(64): Illuminate\Routing\Pipeline->Illuminate\Routing\{closure}(Object(Illuminate\Http\Request))
#20 [internal function]: Illuminate\Session\Middleware\StartSession->handle(Object(Illuminate\Http\Request), Object(Closure))
#21 /home/nerimell/Desktop/Nerimell/web/couriers/vendor/laravel/framework/src/Illuminate/Pipeline/Pipeline.php(136): call_user_func_array(Array, Array)
#22 [internal function]: Illuminate\Pipeline\Pipeline->Illuminate\Pipeline\{closure}(Object(Illuminate\Http\Request))
#23 /home/nerimell/Desktop/Nerimell/web/couriers/vendor/laravel/framework/src/Illuminate/Routing/Pipeline.php(32): call_user_func(Object(Closure), Object(Illuminate\Http\Request))
#24 /home/nerimell/Desktop/Nerimell/web/couriers/vendor/laravel/framework/src/Illuminate/Cookie/Middleware/AddQueuedCookiesToResponse.php(37): Illuminate\Routing\Pipeline->Illuminate\Routing\{closure}(Object(Illuminate\Http\Request))
#25 [internal function]: Illuminate\Cookie\Middleware\AddQueuedCookiesToResponse->handle(Object(Illuminate\Http\Request), Object(Closure))
#26 /home/nerimell/Desktop/Nerimell/web/couriers/vendor/laravel/framework/src/Illuminate/Pipeline/Pipeline.php(136): call_user_func_array(Array, Array)
#27 [internal function]: Illuminate\Pipeline\Pipeline->Illuminate\Pipeline\{closure}(Object(Illuminate\Http\Request))
#28 /home/nerimell/Desktop/Nerimell/web/couriers/vendor/laravel/framework/src/Illuminate/Routing/Pipeline.php(32): call_user_func(Object(Closure), Object(Illuminate\Http\Request))
#29 /home/nerimell/Desktop/Nerimell/web/couriers/vendor/laravel/framework/src/Illuminate/Cookie/Middleware/EncryptCookies.php(59): Illuminate\Routing\Pipeline->Illuminate\Routing\{closure}(Object(Illuminate\Http\Request))
#30 [internal function]: Illuminate\Cookie\Middleware\EncryptCookies->handle(Object(Illuminate\Http\Request), Object(Closure))
#31 /home/nerimell/Desktop/Nerimell/web/couriers/vendor/laravel/framework/src/Illuminate/Pipeline/Pipeline.php(136): call_user_func_array(Array, Array)
#32 [internal function]: Illuminate\Pipeline\Pipeline->Illuminate\Pipeline\{closure}(Object(Illuminate\Http\Request))
#33 /home/nerimell/Desktop/Nerimell/web/couriers/vendor/laravel/framework/src/Illuminate/Routing/Pipeline.php(32): call_user_func(Object(Closure), Object(Illuminate\Http\Request))
#34 /home/nerimell/Desktop/Nerimell/web/couriers/vendor/laravel/framework/src/Illuminate/Foundation/Http/Middleware/CheckForMaintenanceMode.php(44): Illuminate\Routing\Pipeline->Illuminate\Routing\{closure}(Object(Illuminate\Http\Request))
#35 [internal function]: Illuminate\Foundation\Http\Middleware\CheckForMaintenanceMode->handle(Object(Illuminate\Http\Request), Object(Closure))
#36 /home/nerimell/Desktop/Nerimell/web/couriers/vendor/laravel/framework/src/Illuminate/Pipeline/Pipeline.php(136): call_user_func_array(Array, Array)
#37 [internal function]: Illuminate\Pipeline\Pipeline->Illuminate\Pipeline\{closure}(Object(Illuminate\Http\Request))
#38 /home/nerimell/Desktop/Nerimell/web/couriers/vendor/laravel/framework/src/Illuminate/Routing/Pipeline.php(32): call_user_func(Object(Closure), Object(Illuminate\Http\Request))
#39 [internal function]: Illuminate\Routing\Pipeline->Illuminate\Routing\{closure}(Object(Illuminate\Http\Request))
#40 /home/nerimell/Desktop/Nerimell/web/couriers/vendor/laravel/framework/src/Illuminate/Pipeline/Pipeline.php(102): call_user_func(Object(Closure), Object(Illuminate\Http\Request))
#41 /home/nerimell/Desktop/Nerimell/web/couriers/vendor/laravel/framework/src/Illuminate/Foundation/Http/Kernel.php(132): Illuminate\Pipeline\Pipeline->then(Object(Closure))
#42 /home/nerimell/Desktop/Nerimell/web/couriers/vendor/laravel/framework/src/Illuminate/Foundation/Http/Kernel.php(99): Illuminate\Foundation\Http\Kernel->sendRequestThroughRouter(Object(Illuminate\Http\Request))
#43 /home/nerimell/Desktop/Nerimell/web/couriers/index.php(54): Illuminate\Foundation\Http\Kernel->handle(Object(Illuminate\Http\Request))
#44 {main}  
[2016-09-26 09:42:14] local.ERROR: UnexpectedValueException: The Response content must be a string or object implementing __toString(), "object" given. in /home/nerimell/Desktop/Nerimell/web/couriers/vendor/symfony/http-foundation/Response.php:399
Stack trace:
#0 /home/nerimell/Desktop/Nerimell/web/couriers/vendor/laravel/framework/src/Illuminate/Http/Response.php(56): Symfony\Component\HttpFoundation\Response->setContent(Object(stdClass))
#1 /home/nerimell/Desktop/Nerimell/web/couriers/vendor/symfony/http-foundation/Response.php(201): Illuminate\Http\Response->setContent(Object(stdClass))
#2 /home/nerimell/Desktop/Nerimell/web/couriers/vendor/laravel/framework/src/Illuminate/Routing/Router.php(1085): Symfony\Component\HttpFoundation\Response->__construct(Object(stdClass))
#3 /home/nerimell/Desktop/Nerimell/web/couriers/vendor/laravel/framework/src/Illuminate/Routing/ControllerDispatcher.php(94): Illuminate\Routing\Router->prepareResponse(Object(Illuminate\Http\Request), Object(stdClass))
#4 [internal function]: Illuminate\Routing\ControllerDispatcher->Illuminate\Routing\{closure}(Object(Illuminate\Http\Request))
#5 /home/nerimell/Desktop/Nerimell/web/couriers/vendor/laravel/framework/src/Illuminate/Routing/Pipeline.php(52): call_user_func(Object(Closure), Object(Illuminate\Http\Request))
#6 [internal function]: Illuminate\Routing\Pipeline->Illuminate\Routing\{closure}(Object(Illuminate\Http\Request))
#7 /home/nerimell/Desktop/Nerimell/web/couriers/vendor/laravel/framework/src/Illuminate/Pipeline/Pipeline.php(102): call_user_func(Object(Closure), Object(Illuminate\Http\Request))
#8 /home/nerimell/Desktop/Nerimell/web/couriers/vendor/laravel/framework/src/Illuminate/Routing/ControllerDispatcher.php(96): Illuminate\Pipeline\Pipeline->then(Object(Closure))
#9 /home/nerimell/Desktop/Nerimell/web/couriers/vendor/laravel/framework/src/Illuminate/Routing/ControllerDispatcher.php(54): Illuminate\Routing\ControllerDispatcher->callWithinStack(Object(App\Http\Controllers\AppControllers\AppAuthController), Object(Illuminate\Routing\Route), Object(Illuminate\Http\Request), 'appGetPin')
#10 /home/nerimell/Desktop/Nerimell/web/couriers/vendor/laravel/framework/src/Illuminate/Routing/Route.php(174): Illuminate\Routing\ControllerDispatcher->dispatch(Object(Illuminate\Routing\Route), Object(Illuminate\Http\Request), 'App\\Http\\Contro...', 'appGetPin')
#11 /home/nerimell/Desktop/Nerimell/web/couriers/vendor/laravel/framework/src/Illuminate/Routing/Route.php(140): Illuminate\Routing\Route->runController(Object(Illuminate\Http\Request))
#12 /home/nerimell/Desktop/Nerimell/web/couriers/vendor/laravel/framework/src/Illuminate/Routing/Router.php(724): Illuminate\Routing\Route->run(Object(Illuminate\Http\Request))
#13 [internal function]: Illuminate\Routing\Router->Illuminate\Routing\{closure}(Object(Illuminate\Http\Request))
#14 /home/nerimell/Desktop/Nerimell/web/couriers/vendor/laravel/framework/src/Illuminate/Routing/Pipeline.php(52): call_user_func(Object(Closure), Object(Illuminate\Http\Request))
#15 [internal function]: Illuminate\Routing\Pipeline->Illuminate\Routing\{closure}(Object(Illuminate\Http\Request))
#16 /home/nerimell/Desktop/Nerimell/web/couriers/vendor/laravel/framework/src/Illuminate/Pipeline/Pipeline.php(102): call_user_func(Object(Closure), Object(Illuminate\Http\Request))
#17 /home/nerimell/Desktop/Nerimell/web/couriers/vendor/laravel/framework/src/Illuminate/Routing/Router.php(726): Illuminate\Pipeline\Pipeline->then(Object(Closure))
#18 /home/nerimell/Desktop/Nerimell/web/couriers/vendor/laravel/framework/src/Illuminate/Routing/Router.php(699): Illuminate\Routing\Router->runRouteWithinStack(Object(Illuminate\Routing\Route), Object(Illuminate\Http\Request))
#19 /home/nerimell/Desktop/Nerimell/web/couriers/vendor/laravel/framework/src/Illuminate/Routing/Router.php(675): Illuminate\Routing\Router->dispatchToRoute(Object(Illuminate\Http\Request))
#20 /home/nerimell/Desktop/Nerimell/web/couriers/vendor/laravel/framework/src/Illuminate/Foundation/Http/Kernel.php(246): Illuminate\Routing\Router->dispatch(Object(Illuminate\Http\Request))
#21 [internal function]: Illuminate\Foundation\Http\Kernel->Illuminate\Foundation\Http\{closure}(Object(Illuminate\Http\Request))
#22 /home/nerimell/Desktop/Nerimell/web/couriers/vendor/laravel/framework/src/Illuminate/Routing/Pipeline.php(52): call_user_func(Object(Closure), Object(Illuminate\Http\Request))
#23 /home/nerimell/Desktop/Nerimell/web/couriers/app/Http/Middleware/siteData.php(20): Illuminate\Routing\Pipeline->Illuminate\Routing\{closure}(Object(Illuminate\Http\Request))
#24 [internal function]: App\Http\Middleware\siteData->handle(Object(Illuminate\Http\Request), Object(Closure))
#25 /home/nerimell/Desktop/Nerimell/web/couriers/vendor/laravel/framework/src/Illuminate/Pipeline/Pipeline.php(136): call_user_func_array(Array, Array)
#26 [internal function]: Illuminate\Pipeline\Pipeline->Illuminate\Pipeline\{closure}(Object(Illuminate\Http\Request))
#27 /home/nerimell/Desktop/Nerimell/web/couriers/vendor/laravel/framework/src/Illuminate/Routing/Pipeline.php(32): call_user_func(Object(Closure), Object(Illuminate\Http\Request))
#28 /home/nerimell/Desktop/Nerimell/web/couriers/vendor/laravel/framework/src/Illuminate/View/Middleware/ShareErrorsFromSession.php(49): Illuminate\Routing\Pipeline->Illuminate\Routing\{closure}(Object(Illuminate\Http\Request))
#29 [internal function]: Illuminate\View\Middleware\ShareErrorsFromSession->handle(Object(Illuminate\Http\Request), Object(Closure))
#30 /home/nerimell/Desktop/Nerimell/web/couriers/vendor/laravel/framework/src/Illuminate/Pipeline/Pipeline.php(136): call_user_func_array(Array, Array)
#31 [internal function]: Illuminate\Pipeline\Pipeline->Illuminate\Pipeline\{closure}(Object(Illuminate\Http\Request))
#32 /home/nerimell/Desktop/Nerimell/web/couriers/vendor/laravel/framework/src/Illuminate/Routing/Pipeline.php(32): call_user_func(Object(Closure), Object(Illuminate\Http\Request))
#33 /home/nerimell/Desktop/Nerimell/web/couriers/vendor/laravel/framework/src/Illuminate/Session/Middleware/StartSession.php(64): Illuminate\Routing\Pipeline->Illuminate\Routing\{closure}(Object(Illuminate\Http\Request))
#34 [internal function]: Illuminate\Session\Middleware\StartSession->handle(Object(Illuminate\Http\Request), Object(Closure))
#35 /home/nerimell/Desktop/Nerimell/web/couriers/vendor/laravel/framework/src/Illuminate/Pipeline/Pipeline.php(136): call_user_func_array(Array, Array)
#36 [internal function]: Illuminate\Pipeline\Pipeline->Illuminate\Pipeline\{closure}(Object(Illuminate\Http\Request))
#37 /home/nerimell/Desktop/Nerimell/web/couriers/vendor/laravel/framework/src/Illuminate/Routing/Pipeline.php(32): call_user_func(Object(Closure), Object(Illuminate\Http\Request))
#38 /home/nerimell/Desktop/Nerimell/web/couriers/vendor/laravel/framework/src/Illuminate/Cookie/Middleware/AddQueuedCookiesToResponse.php(37): Illuminate\Routing\Pipeline->Illuminate\Routing\{closure}(Object(Illuminate\Http\Request))
#39 [internal function]: Illuminate\Cookie\Middleware\AddQueuedCookiesToResponse->handle(Object(Illuminate\Http\Request), Object(Closure))
#40 /home/nerimell/Desktop/Nerimell/web/couriers/vendor/laravel/framework/src/Illuminate/Pipeline/Pipeline.php(136): call_user_func_array(Array, Array)
#41 [internal function]: Illuminate\Pipeline\Pipeline->Illuminate\Pipeline\{closure}(Object(Illuminate\Http\Request))
#42 /home/nerimell/Desktop/Nerimell/web/couriers/vendor/laravel/framework/src/Illuminate/Routing/Pipeline.php(32): call_user_func(Object(Closure), Object(Illuminate\Http\Request))
#43 /home/nerimell/Desktop/Nerimell/web/couriers/vendor/laravel/framework/src/Illuminate/Cookie/Middleware/EncryptCookies.php(59): Illuminate\Routing\Pipeline->Illuminate\Routing\{closure}(Object(Illuminate\Http\Request))
#44 [internal function]: Illuminate\Cookie\Middleware\EncryptCookies->handle(Object(Illuminate\Http\Request), Object(Closure))
#45 /home/nerimell/Desktop/Nerimell/web/couriers/vendor/laravel/framework/src/Illuminate/Pipeline/Pipeline.php(136): call_user_func_array(Array, Array)
#46 [internal function]: Illuminate\Pipeline\Pipeline->Illuminate\Pipeline\{closure}(Object(Illuminate\Http\Request))
#47 /home/nerimell/Desktop/Nerimell/web/couriers/vendor/laravel/framework/src/Illuminate/Routing/Pipeline.php(32): call_user_func(Object(Closure), Object(Illuminate\Http\Request))
#48 /home/nerimell/Desktop/Nerimell/web/couriers/vendor/laravel/framework/src/Illuminate/Foundation/Http/Middleware/CheckForMaintenanceMode.php(44): Illuminate\Routing\Pipeline->Illuminate\Routing\{closure}(Object(Illuminate\Http\Request))
#49 [internal function]: Illuminate\Foundation\Http\Middleware\CheckForMaintenanceMode->handle(Object(Illuminate\Http\Request), Object(Closure))
#50 /home/nerimell/Desktop/Nerimell/web/couriers/vendor/laravel/framework/src/Illuminate/Pipeline/Pipeline.php(136): call_user_func_array(Array, Array)
#51 [internal function]: Illuminate\Pipeline\Pipeline->Illuminate\Pipeline\{closure}(Object(Illuminate\Http\Request))
#52 /home/nerimell/Desktop/Nerimell/web/couriers/vendor/laravel/framework/src/Illuminate/Routing/Pipeline.php(32): call_user_func(Object(Closure), Object(Illuminate\Http\Request))
#53 [internal function]: Illuminate\Routing\Pipeline->Illuminate\Routing\{closure}(Object(Illuminate\Http\Request))
#54 /home/nerimell/Desktop/Nerimell/web/couriers/vendor/laravel/framework/src/Illuminate/Pipeline/Pipeline.php(102): call_user_func(Object(Closure), Object(Illuminate\Http\Request))
#55 /home/nerimell/Desktop/Nerimell/web/couriers/vendor/laravel/framework/src/Illuminate/Foundation/Http/Kernel.php(132): Illuminate\Pipeline\Pipeline->then(Object(Closure))
#56 /home/nerimell/Desktop/Nerimell/web/couriers/vendor/laravel/framework/src/Illuminate/Foundation/Http/Kernel.php(99): Illuminate\Foundation\Http\Kernel->sendRequestThroughRouter(Object(Illuminate\Http\Request))
#57 /home/nerimell/Desktop/Nerimell/web/couriers/index.php(54): Illuminate\Foundation\Http\Kernel->handle(Object(Illuminate\Http\Request))
#58 {main}  
[2016-09-26 09:46:06] local.ERROR: ErrorException: Undefined variable: user in /home/nerimell/Desktop/Nerimell/web/couriers/app/Http/Controllers/AppControllers/AppAuthController.php:71
Stack trace:
#0 /home/nerimell/Desktop/Nerimell/web/couriers/app/Http/Controllers/AppControllers/AppAuthController.php(71): Illuminate\Foundation\Bootstrap\HandleExceptions->handleError(8, 'Undefined varia...', '/home/nerimell/...', 71, Array)
#1 [internal function]: App\Http\Controllers\AppControllers\AppAuthController->appGetPin(Object(Illuminate\Http\Request))
#2 /home/nerimell/Desktop/Nerimell/web/couriers/vendor/laravel/framework/src/Illuminate/Routing/Controller.php(80): call_user_func_array(Array, Array)
#3 /home/nerimell/Desktop/Nerimell/web/couriers/vendor/laravel/framework/src/Illuminate/Routing/ControllerDispatcher.php(146): Illuminate\Routing\Controller->callAction('appGetPin', Array)
#4 /home/nerimell/Desktop/Nerimell/web/couriers/vendor/laravel/framework/src/Illuminate/Routing/ControllerDispatcher.php(94): Illuminate\Routing\ControllerDispatcher->call(Object(App\Http\Controllers\AppControllers\AppAuthController), Object(Illuminate\Routing\Route), 'appGetPin')
#5 [internal function]: Illuminate\Routing\ControllerDispatcher->Illuminate\Routing\{closure}(Object(Illuminate\Http\Request))
#6 /home/nerimell/Desktop/Nerimell/web/couriers/vendor/laravel/framework/src/Illuminate/Routing/Pipeline.php(52): call_user_func(Object(Closure), Object(Illuminate\Http\Request))
#7 [internal function]: Illuminate\Routing\Pipeline->Illuminate\Routing\{closure}(Object(Illuminate\Http\Request))
#8 /home/nerimell/Desktop/Nerimell/web/couriers/vendor/laravel/framework/src/Illuminate/Pipeline/Pipeline.php(102): call_user_func(Object(Closure), Object(Illuminate\Http\Request))
#9 /home/nerimell/Desktop/Nerimell/web/couriers/vendor/laravel/framework/src/Illuminate/Routing/ControllerDispatcher.php(96): Illuminate\Pipeline\Pipeline->then(Object(Closure))
#10 /home/nerimell/Desktop/Nerimell/web/couriers/vendor/laravel/framework/src/Illuminate/Routing/ControllerDispatcher.php(54): Illuminate\Routing\ControllerDispatcher->callWithinStack(Object(App\Http\Controllers\AppControllers\AppAuthController), Object(Illuminate\Routing\Route), Object(Illuminate\Http\Request), 'appGetPin')
#11 /home/nerimell/Desktop/Nerimell/web/couriers/vendor/laravel/framework/src/Illuminate/Routing/Route.php(174): Illuminate\Routing\ControllerDispatcher->dispatch(Object(Illuminate\Routing\Route), Object(Illuminate\Http\Request), 'App\\Http\\Contro...', 'appGetPin')
#12 /home/nerimell/Desktop/Nerimell/web/couriers/vendor/laravel/framework/src/Illuminate/Routing/Route.php(140): Illuminate\Routing\Route->runController(Object(Illuminate\Http\Request))
#13 /home/nerimell/Desktop/Nerimell/web/couriers/vendor/laravel/framework/src/Illuminate/Routing/Router.php(724): Illuminate\Routing\Route->run(Object(Illuminate\Http\Request))
#14 [internal function]: Illuminate\Routing\Router->Illuminate\Routing\{closure}(Object(Illuminate\Http\Request))
#15 /home/nerimell/Desktop/Nerimell/web/couriers/vendor/laravel/framework/src/Illuminate/Routing/Pipeline.php(52): call_user_func(Object(Closure), Object(Illuminate\Http\Request))
#16 [internal function]: Illuminate\Routing\Pipeline->Illuminate\Routing\{closure}(Object(Illuminate\Http\Request))
#17 /home/nerimell/Desktop/Nerimell/web/couriers/vendor/laravel/framework/src/Illuminate/Pipeline/Pipeline.php(102): call_user_func(Object(Closure), Object(Illuminate\Http\Request))
#18 /home/nerimell/Desktop/Nerimell/web/couriers/vendor/laravel/framework/src/Illuminate/Routing/Router.php(726): Illuminate\Pipeline\Pipeline->then(Object(Closure))
#19 /home/nerimell/Desktop/Nerimell/web/couriers/vendor/laravel/framework/src/Illuminate/Routing/Router.php(699): Illuminate\Routing\Router->runRouteWithinStack(Object(Illuminate\Routing\Route), Object(Illuminate\Http\Request))
#20 /home/nerimell/Desktop/Nerimell/web/couriers/vendor/laravel/framework/src/Illuminate/Routing/Router.php(675): Illuminate\Routing\Router->dispatchToRoute(Object(Illuminate\Http\Request))
#21 /home/nerimell/Desktop/Nerimell/web/couriers/vendor/laravel/framework/src/Illuminate/Foundation/Http/Kernel.php(246): Illuminate\Routing\Router->dispatch(Object(Illuminate\Http\Request))
#22 [internal function]: Illuminate\Foundation\Http\Kernel->Illuminate\Foundation\Http\{closure}(Object(Illuminate\Http\Request))
#23 /home/nerimell/Desktop/Nerimell/web/couriers/vendor/laravel/framework/src/Illuminate/Routing/Pipeline.php(52): call_user_func(Object(Closure), Object(Illuminate\Http\Request))
#24 /home/nerimell/Desktop/Nerimell/web/couriers/app/Http/Middleware/siteData.php(20): Illuminate\Routing\Pipeline->Illuminate\Routing\{closure}(Object(Illuminate\Http\Request))
#25 [internal function]: App\Http\Middleware\siteData->handle(Object(Illuminate\Http\Request), Object(Closure))
#26 /home/nerimell/Desktop/Nerimell/web/couriers/vendor/laravel/framework/src/Illuminate/Pipeline/Pipeline.php(136): call_user_func_array(Array, Array)
#27 [internal function]: Illuminate\Pipeline\Pipeline->Illuminate\Pipeline\{closure}(Object(Illuminate\Http\Request))
#28 /home/nerimell/Desktop/Nerimell/web/couriers/vendor/laravel/framework/src/Illuminate/Routing/Pipeline.php(32): call_user_func(Object(Closure), Object(Illuminate\Http\Request))
#29 /home/nerimell/Desktop/Nerimell/web/couriers/vendor/laravel/framework/src/Illuminate/View/Middleware/ShareErrorsFromSession.php(49): Illuminate\Routing\Pipeline->Illuminate\Routing\{closure}(Object(Illuminate\Http\Request))
#30 [internal function]: Illuminate\View\Middleware\ShareErrorsFromSession->handle(Object(Illuminate\Http\Request), Object(Closure))
#31 /home/nerimell/Desktop/Nerimell/web/couriers/vendor/laravel/framework/src/Illuminate/Pipeline/Pipeline.php(136): call_user_func_array(Array, Array)
#32 [internal function]: Illuminate\Pipeline\Pipeline->Illuminate\Pipeline\{closure}(Object(Illuminate\Http\Request))
#33 /home/nerimell/Desktop/Nerimell/web/couriers/vendor/laravel/framework/src/Illuminate/Routing/Pipeline.php(32): call_user_func(Object(Closure), Object(Illuminate\Http\Request))
#34 /home/nerimell/Desktop/Nerimell/web/couriers/vendor/laravel/framework/src/Illuminate/Session/Middleware/StartSession.php(64): Illuminate\Routing\Pipeline->Illuminate\Routing\{closure}(Object(Illuminate\Http\Request))
#35 [internal function]: Illuminate\Session\Middleware\StartSession->handle(Object(Illuminate\Http\Request), Object(Closure))
#36 /home/nerimell/Desktop/Nerimell/web/couriers/vendor/laravel/framework/src/Illuminate/Pipeline/Pipeline.php(136): call_user_func_array(Array, Array)
#37 [internal function]: Illuminate\Pipeline\Pipeline->Illuminate\Pipeline\{closure}(Object(Illuminate\Http\Request))
#38 /home/nerimell/Desktop/Nerimell/web/couriers/vendor/laravel/framework/src/Illuminate/Routing/Pipeline.php(32): call_user_func(Object(Closure), Object(Illuminate\Http\Request))
#39 /home/nerimell/Desktop/Nerimell/web/couriers/vendor/laravel/framework/src/Illuminate/Cookie/Middleware/AddQueuedCookiesToResponse.php(37): Illuminate\Routing\Pipeline->Illuminate\Routing\{closure}(Object(Illuminate\Http\Request))
#40 [internal function]: Illuminate\Cookie\Middleware\AddQueuedCookiesToResponse->handle(Object(Illuminate\Http\Request), Object(Closure))
#41 /home/nerimell/Desktop/Nerimell/web/couriers/vendor/laravel/framework/src/Illuminate/Pipeline/Pipeline.php(136): call_user_func_array(Array, Array)
#42 [internal function]: Illuminate\Pipeline\Pipeline->Illuminate\Pipeline\{closure}(Object(Illuminate\Http\Request))
#43 /home/nerimell/Desktop/Nerimell/web/couriers/vendor/laravel/framework/src/Illuminate/Routing/Pipeline.php(32): call_user_func(Object(Closure), Object(Illuminate\Http\Request))
#44 /home/nerimell/Desktop/Nerimell/web/couriers/vendor/laravel/framework/src/Illuminate/Cookie/Middleware/EncryptCookies.php(59): Illuminate\Routing\Pipeline->Illuminate\Routing\{closure}(Object(Illuminate\Http\Request))
#45 [internal function]: Illuminate\Cookie\Middleware\EncryptCookies->handle(Object(Illuminate\Http\Request), Object(Closure))
#46 /home/nerimell/Desktop/Nerimell/web/couriers/vendor/laravel/framework/src/Illuminate/Pipeline/Pipeline.php(136): call_user_func_array(Array, Array)
#47 [internal function]: Illuminate\Pipeline\Pipeline->Illuminate\Pipeline\{closure}(Object(Illuminate\Http\Request))
#48 /home/nerimell/Desktop/Nerimell/web/couriers/vendor/laravel/framework/src/Illuminate/Routing/Pipeline.php(32): call_user_func(Object(Closure), Object(Illuminate\Http\Request))
#49 /home/nerimell/Desktop/Nerimell/web/couriers/vendor/laravel/framework/src/Illuminate/Foundation/Http/Middleware/CheckForMaintenanceMode.php(44): Illuminate\Routing\Pipeline->Illuminate\Routing\{closure}(Object(Illuminate\Http\Request))
#50 [internal function]: Illuminate\Foundation\Http\Middleware\CheckForMaintenanceMode->handle(Object(Illuminate\Http\Request), Object(Closure))
#51 /home/nerimell/Desktop/Nerimell/web/couriers/vendor/laravel/framework/src/Illuminate/Pipeline/Pipeline.php(136): call_user_func_array(Array, Array)
#52 [internal function]: Illuminate\Pipeline\Pipeline->Illuminate\Pipeline\{closure}(Object(Illuminate\Http\Request))
#53 /home/nerimell/Desktop/Nerimell/web/couriers/vendor/laravel/framework/src/Illuminate/Routing/Pipeline.php(32): call_user_func(Object(Closure), Object(Illuminate\Http\Request))
#54 [internal function]: Illuminate\Routing\Pipeline->Illuminate\Routing\{closure}(Object(Illuminate\Http\Request))
#55 /home/nerimell/Desktop/Nerimell/web/couriers/vendor/laravel/framework/src/Illuminate/Pipeline/Pipeline.php(102): call_user_func(Object(Closure), Object(Illuminate\Http\Request))
#56 /home/nerimell/Desktop/Nerimell/web/couriers/vendor/laravel/framework/src/Illuminate/Foundation/Http/Kernel.php(132): Illuminate\Pipeline\Pipeline->then(Object(Closure))
#57 /home/nerimell/Desktop/Nerimell/web/couriers/vendor/laravel/framework/src/Illuminate/Foundation/Http/Kernel.php(99): Illuminate\Foundation\Http\Kernel->sendRequestThroughRouter(Object(Illuminate\Http\Request))
#58 /home/nerimell/Desktop/Nerimell/web/couriers/index.php(54): Illuminate\Foundation\Http\Kernel->handle(Object(Illuminate\Http\Request))
#59 {main}  
[2016-09-26 09:56:54] local.ERROR: Symfony\Component\Debug\Exception\FatalThrowableError: Type error: Argument 1 passed to Illuminate\Database\Query\Builder::update() must be of the type array, string given, called in /home/nerimell/Desktop/Nerimell/web/couriers/app/Http/Controllers/AppControllers/AppAuthController.php on line 64 in /home/nerimell/Desktop/Nerimell/web/couriers/vendor/laravel/framework/src/Illuminate/Database/Query/Builder.php:2139
Stack trace:
#0 /home/nerimell/Desktop/Nerimell/web/couriers/app/Http/Controllers/AppControllers/AppAuthController.php(64): Illuminate\Database\Query\Builder->update('pin_code', '1233')
#1 [internal function]: App\Http\Controllers\AppControllers\AppAuthController->appRegPin(Object(Illuminate\Http\Request))
#2 /home/nerimell/Desktop/Nerimell/web/couriers/vendor/laravel/framework/src/Illuminate/Routing/Controller.php(80): call_user_func_array(Array, Array)
#3 /home/nerimell/Desktop/Nerimell/web/couriers/vendor/laravel/framework/src/Illuminate/Routing/ControllerDispatcher.php(146): Illuminate\Routing\Controller->callAction('appRegPin', Array)
#4 /home/nerimell/Desktop/Nerimell/web/couriers/vendor/laravel/framework/src/Illuminate/Routing/ControllerDispatcher.php(94): Illuminate\Routing\ControllerDispatcher->call(Object(App\Http\Controllers\AppControllers\AppAuthController), Object(Illuminate\Routing\Route), 'appRegPin')
#5 [internal function]: Illuminate\Routing\ControllerDispatcher->Illuminate\Routing\{closure}(Object(Illuminate\Http\Request))
#6 /home/nerimell/Desktop/Nerimell/web/couriers/vendor/laravel/framework/src/Illuminate/Routing/Pipeline.php(52): call_user_func(Object(Closure), Object(Illuminate\Http\Request))
#7 [internal function]: Illuminate\Routing\Pipeline->Illuminate\Routing\{closure}(Object(Illuminate\Http\Request))
#8 /home/nerimell/Desktop/Nerimell/web/couriers/vendor/laravel/framework/src/Illuminate/Pipeline/Pipeline.php(102): call_user_func(Object(Closure), Object(Illuminate\Http\Request))
#9 /home/nerimell/Desktop/Nerimell/web/couriers/vendor/laravel/framework/src/Illuminate/Routing/ControllerDispatcher.php(96): Illuminate\Pipeline\Pipeline->then(Object(Closure))
#10 /home/nerimell/Desktop/Nerimell/web/couriers/vendor/laravel/framework/src/Illuminate/Routing/ControllerDispatcher.php(54): Illuminate\Routing\ControllerDispatcher->callWithinStack(Object(App\Http\Controllers\AppControllers\AppAuthController), Object(Illuminate\Routing\Route), Object(Illuminate\Http\Request), 'appRegPin')
#11 /home/nerimell/Desktop/Nerimell/web/couriers/vendor/laravel/framework/src/Illuminate/Routing/Route.php(174): Illuminate\Routing\ControllerDispatcher->dispatch(Object(Illuminate\Routing\Route), Object(Illuminate\Http\Request), 'App\\Http\\Contro...', 'appRegPin')
#12 /home/nerimell/Desktop/Nerimell/web/couriers/vendor/laravel/framework/src/Illuminate/Routing/Route.php(140): Illuminate\Routing\Route->runController(Object(Illuminate\Http\Request))
#13 /home/nerimell/Desktop/Nerimell/web/couriers/vendor/laravel/framework/src/Illuminate/Routing/Router.php(724): Illuminate\Routing\Route->run(Object(Illuminate\Http\Request))
#14 [internal function]: Illuminate\Routing\Router->Illuminate\Routing\{closure}(Object(Illuminate\Http\Request))
#15 /home/nerimell/Desktop/Nerimell/web/couriers/vendor/laravel/framework/src/Illuminate/Routing/Pipeline.php(52): call_user_func(Object(Closure), Object(Illuminate\Http\Request))
#16 [internal function]: Illuminate\Routing\Pipeline->Illuminate\Routing\{closure}(Object(Illuminate\Http\Request))
#17 /home/nerimell/Desktop/Nerimell/web/couriers/vendor/laravel/framework/src/Illuminate/Pipeline/Pipeline.php(102): call_user_func(Object(Closure), Object(Illuminate\Http\Request))
#18 /home/nerimell/Desktop/Nerimell/web/couriers/vendor/laravel/framework/src/Illuminate/Routing/Router.php(726): Illuminate\Pipeline\Pipeline->then(Object(Closure))
#19 /home/nerimell/Desktop/Nerimell/web/couriers/vendor/laravel/framework/src/Illuminate/Routing/Router.php(699): Illuminate\Routing\Router->runRouteWithinStack(Object(Illuminate\Routing\Route), Object(Illuminate\Http\Request))
#20 /home/nerimell/Desktop/Nerimell/web/couriers/vendor/laravel/framework/src/Illuminate/Routing/Router.php(675): Illuminate\Routing\Router->dispatchToRoute(Object(Illuminate\Http\Request))
#21 /home/nerimell/Desktop/Nerimell/web/couriers/vendor/laravel/framework/src/Illuminate/Foundation/Http/Kernel.php(246): Illuminate\Routing\Router->dispatch(Object(Illuminate\Http\Request))
#22 [internal function]: Illuminate\Foundation\Http\Kernel->Illuminate\Foundation\Http\{closure}(Object(Illuminate\Http\Request))
#23 /home/nerimell/Desktop/Nerimell/web/couriers/vendor/laravel/framework/src/Illuminate/Routing/Pipeline.php(52): call_user_func(Object(Closure), Object(Illuminate\Http\Request))
#24 /home/nerimell/Desktop/Nerimell/web/couriers/app/Http/Middleware/siteData.php(20): Illuminate\Routing\Pipeline->Illuminate\Routing\{closure}(Object(Illuminate\Http\Request))
#25 [internal function]: App\Http\Middleware\siteData->handle(Object(Illuminate\Http\Request), Object(Closure))
#26 /home/nerimell/Desktop/Nerimell/web/couriers/vendor/laravel/framework/src/Illuminate/Pipeline/Pipeline.php(136): call_user_func_array(Array, Array)
#27 [internal function]: Illuminate\Pipeline\Pipeline->Illuminate\Pipeline\{closure}(Object(Illuminate\Http\Request))
#28 /home/nerimell/Desktop/Nerimell/web/couriers/vendor/laravel/framework/src/Illuminate/Routing/Pipeline.php(32): call_user_func(Object(Closure), Object(Illuminate\Http\Request))
#29 /home/nerimell/Desktop/Nerimell/web/couriers/vendor/laravel/framework/src/Illuminate/View/Middleware/ShareErrorsFromSession.php(49): Illuminate\Routing\Pipeline->Illuminate\Routing\{closure}(Object(Illuminate\Http\Request))
#30 [internal function]: Illuminate\View\Middleware\ShareErrorsFromSession->handle(Object(Illuminate\Http\Request), Object(Closure))
#31 /home/nerimell/Desktop/Nerimell/web/couriers/vendor/laravel/framework/src/Illuminate/Pipeline/Pipeline.php(136): call_user_func_array(Array, Array)
#32 [internal function]: Illuminate\Pipeline\Pipeline->Illuminate\Pipeline\{closure}(Object(Illuminate\Http\Request))
#33 /home/nerimell/Desktop/Nerimell/web/couriers/vendor/laravel/framework/src/Illuminate/Routing/Pipeline.php(32): call_user_func(Object(Closure), Object(Illuminate\Http\Request))
#34 /home/nerimell/Desktop/Nerimell/web/couriers/vendor/laravel/framework/src/Illuminate/Session/Middleware/StartSession.php(64): Illuminate\Routing\Pipeline->Illuminate\Routing\{closure}(Object(Illuminate\Http\Request))
#35 [internal function]: Illuminate\Session\Middleware\StartSession->handle(Object(Illuminate\Http\Request), Object(Closure))
#36 /home/nerimell/Desktop/Nerimell/web/couriers/vendor/laravel/framework/src/Illuminate/Pipeline/Pipeline.php(136): call_user_func_array(Array, Array)
#37 [internal function]: Illuminate\Pipeline\Pipeline->Illuminate\Pipeline\{closure}(Object(Illuminate\Http\Request))
#38 /home/nerimell/Desktop/Nerimell/web/couriers/vendor/laravel/framework/src/Illuminate/Routing/Pipeline.php(32): call_user_func(Object(Closure), Object(Illuminate\Http\Request))
#39 /home/nerimell/Desktop/Nerimell/web/couriers/vendor/laravel/framework/src/Illuminate/Cookie/Middleware/AddQueuedCookiesToResponse.php(37): Illuminate\Routing\Pipeline->Illuminate\Routing\{closure}(Object(Illuminate\Http\Request))
#40 [internal function]: Illuminate\Cookie\Middleware\AddQueuedCookiesToResponse->handle(Object(Illuminate\Http\Request), Object(Closure))
#41 /home/nerimell/Desktop/Nerimell/web/couriers/vendor/laravel/framework/src/Illuminate/Pipeline/Pipeline.php(136): call_user_func_array(Array, Array)
#42 [internal function]: Illuminate\Pipeline\Pipeline->Illuminate\Pipeline\{closure}(Object(Illuminate\Http\Request))
#43 /home/nerimell/Desktop/Nerimell/web/couriers/vendor/laravel/framework/src/Illuminate/Routing/Pipeline.php(32): call_user_func(Object(Closure), Object(Illuminate\Http\Request))
#44 /home/nerimell/Desktop/Nerimell/web/couriers/vendor/laravel/framework/src/Illuminate/Cookie/Middleware/EncryptCookies.php(59): Illuminate\Routing\Pipeline->Illuminate\Routing\{closure}(Object(Illuminate\Http\Request))
#45 [internal function]: Illuminate\Cookie\Middleware\EncryptCookies->handle(Object(Illuminate\Http\Request), Object(Closure))
#46 /home/nerimell/Desktop/Nerimell/web/couriers/vendor/laravel/framework/src/Illuminate/Pipeline/Pipeline.php(136): call_user_func_array(Array, Array)
#47 [internal function]: Illuminate\Pipeline\Pipeline->Illuminate\Pipeline\{closure}(Object(Illuminate\Http\Request))
#48 /home/nerimell/Desktop/Nerimell/web/couriers/vendor/laravel/framework/src/Illuminate/Routing/Pipeline.php(32): call_user_func(Object(Closure), Object(Illuminate\Http\Request))
#49 /home/nerimell/Desktop/Nerimell/web/couriers/vendor/laravel/framework/src/Illuminate/Foundation/Http/Middleware/CheckForMaintenanceMode.php(44): Illuminate\Routing\Pipeline->Illuminate\Routing\{closure}(Object(Illuminate\Http\Request))
#50 [internal function]: Illuminate\Foundation\Http\Middleware\CheckForMaintenanceMode->handle(Object(Illuminate\Http\Request), Object(Closure))
#51 /home/nerimell/Desktop/Nerimell/web/couriers/vendor/laravel/framework/src/Illuminate/Pipeline/Pipeline.php(136): call_user_func_array(Array, Array)
#52 [internal function]: Illuminate\Pipeline\Pipeline->Illuminate\Pipeline\{closure}(Object(Illuminate\Http\Request))
#53 /home/nerimell/Desktop/Nerimell/web/couriers/vendor/laravel/framework/src/Illuminate/Routing/Pipeline.php(32): call_user_func(Object(Closure), Object(Illuminate\Http\Request))
#54 [internal function]: Illuminate\Routing\Pipeline->Illuminate\Routing\{closure}(Object(Illuminate\Http\Request))
#55 /home/nerimell/Desktop/Nerimell/web/couriers/vendor/laravel/framework/src/Illuminate/Pipeline/Pipeline.php(102): call_user_func(Object(Closure), Object(Illuminate\Http\Request))
#56 /home/nerimell/Desktop/Nerimell/web/couriers/vendor/laravel/framework/src/Illuminate/Foundation/Http/Kernel.php(132): Illuminate\Pipeline\Pipeline->then(Object(Closure))
#57 /home/nerimell/Desktop/Nerimell/web/couriers/vendor/laravel/framework/src/Illuminate/Foundation/Http/Kernel.php(99): Illuminate\Foundation\Http\Kernel->sendRequestThroughRouter(Object(Illuminate\Http\Request))
#58 /home/nerimell/Desktop/Nerimell/web/couriers/index.php(54): Illuminate\Foundation\Http\Kernel->handle(Object(Illuminate\Http\Request))
#59 {main}  
